{"total": {"lines":{"total":9461,"covered":4615,"skipped":0,"pct":48.77},"statements":{"total":11587,"covered":5341,"skipped":0,"pct":46.09},"functions":{"total":2745,"covered":1144,"skipped":0,"pct":41.67},"branches":{"total":11265,"covered":4315,"skipped":0,"pct":38.3},"branchesTrue":{"total":0,"covered":0,"skipped":0,"pct":100}}
,"/Users/zycooks/Documents/Apps/CCNA App/src/ExamTrapStudyMode.jsx": {"lines":{"total":82,"covered":5,"skipped":0,"pct":6.09},"functions":{"total":37,"covered":1,"skipped":0,"pct":2.7},"statements":{"total":107,"covered":6,"skipped":0,"pct":5.6},"branches":{"total":96,"covered":5,"skipped":0,"pct":5.2}}
,"/Users/zycooks/Documents/Apps/CCNA App/src/HomeScreen.jsx": {"lines":{"total":111,"covered":7,"skipped":0,"pct":6.3},"functions":{"total":49,"covered":3,"skipped":0,"pct":6.12},"statements":{"total":144,"covered":8,"skipped":0,"pct":5.55},"branches":{"total":130,"covered":1,"skipped":0,"pct":0.76}}
,"/Users/zycooks/Documents/Apps/CCNA App/src/ObjectiveScreen.jsx": {"lines":{"total":36,"covered":0,"skipped":0,"pct":0},"functions":{"total":5,"covered":0,"skipped":0,"pct":0},"statements":{"total":37,"covered":0,"skipped":0,"pct":0},"branches":{"total":38,"covered":0,"skipped":0,"pct":0}}
,"/Users/zycooks/Documents/Apps/CCNA App/src/answerReviewLogic.js": {"lines":{"total":125,"covered":114,"skipped":0,"pct":91.2},"functions":{"total":23,"covered":23,"skipped":0,"pct":100},"statements":{"total":139,"covered":125,"skipped":0,"pct":89.92},"branches":{"total":181,"covered":122,"skipped":0,"pct":67.4}}
,"/Users/zycooks/Documents/Apps/CCNA App/src/curatedDisplay.js": {"lines":{"total":48,"covered":28,"skipped":0,"pct":58.33},"functions":{"total":15,"covered":13,"skipped":0,"pct":86.66},"statements":{"total":67,"covered":36,"skipped":0,"pct":53.73},"branches":{"total":61,"covered":25,"skipped":0,"pct":40.98}}
,"/Users/zycooks/Documents/Apps/CCNA App/src/domainStudyConfig.js": {"lines":{"total":20,"covered":18,"skipped":0,"pct":90},"functions":{"total":10,"covered":10,"skipped":0,"pct":100},"statements":{"total":24,"covered":21,"skipped":0,"pct":87.5},"branches":{"total":10,"covered":6,"skipped":0,"pct":60}}
,"/Users/zycooks/Documents/Apps/CCNA App/src/eventLog.js": {"lines":{"total":6,"covered":1,"skipped":0,"pct":16.66},"functions":{"total":1,"covered":0,"skipped":0,"pct":0},"statements":{"total":6,"covered":1,"skipped":0,"pct":16.66},"branches":{"total":5,"covered":0,"skipped":0,"pct":0}}
,"/Users/zycooks/Documents/Apps/CCNA App/src/mcChoiceShuffle.js": {"lines":{"total":55,"covered":48,"skipped":0,"pct":87.27},"functions":{"total":18,"covered":16,"skipped":0,"pct":88.88},"statements":{"total":71,"covered":56,"skipped":0,"pct":78.87},"branches":{"total":51,"covered":31,"skipped":0,"pct":60.78}}
,"/Users/zycooks/Documents/Apps/CCNA App/src/mcChoicesLogic.js": {"lines":{"total":5,"covered":5,"skipped":0,"pct":100},"functions":{"total":4,"covered":4,"skipped":0,"pct":100},"statements":{"total":9,"covered":9,"skipped":0,"pct":100},"branches":{"total":4,"covered":4,"skipped":0,"pct":100}}
,"/Users/zycooks/Documents/Apps/CCNA App/src/mockExamConfig.js": {"lines":{"total":78,"covered":77,"skipped":0,"pct":98.71},"functions":{"total":23,"covered":22,"skipped":0,"pct":95.65},"statements":{"total":93,"covered":88,"skipped":0,"pct":94.62},"branches":{"total":50,"covered":39,"skipped":0,"pct":78}}
,"/Users/zycooks/Documents/Apps/CCNA App/src/netUtils.js": {"lines":{"total":129,"covered":128,"skipped":0,"pct":99.22},"functions":{"total":43,"covered":43,"skipped":0,"pct":100},"statements":{"total":169,"covered":168,"skipped":0,"pct":99.4},"branches":{"total":89,"covered":79,"skipped":0,"pct":88.76}}
,"/Users/zycooks/Documents/Apps/CCNA App/src/questionShapeAudit.js": {"lines":{"total":30,"covered":26,"skipped":0,"pct":86.66},"functions":{"total":3,"covered":3,"skipped":0,"pct":100},"statements":{"total":45,"covered":27,"skipped":0,"pct":60},"branches":{"total":60,"covered":33,"skipped":0,"pct":55}}
,"/Users/zycooks/Documents/Apps/CCNA App/src/questionUtils.js": {"lines":{"total":54,"covered":52,"skipped":0,"pct":96.29},"functions":{"total":14,"covered":14,"skipped":0,"pct":100},"statements":{"total":70,"covered":65,"skipped":0,"pct":92.85},"branches":{"total":126,"covered":94,"skipped":0,"pct":74.6}}
,"/Users/zycooks/Documents/Apps/CCNA App/src/quizSessionConfig.js": {"lines":{"total":30,"covered":28,"skipped":0,"pct":93.33},"functions":{"total":10,"covered":9,"skipped":0,"pct":90},"statements":{"total":35,"covered":32,"skipped":0,"pct":91.42},"branches":{"total":27,"covered":25,"skipped":0,"pct":92.59}}
,"/Users/zycooks/Documents/Apps/CCNA App/src/storageKeys.js": {"lines":{"total":4,"covered":4,"skipped":0,"pct":100},"functions":{"total":0,"covered":0,"skipped":0,"pct":100},"statements":{"total":4,"covered":4,"skipped":0,"pct":100},"branches":{"total":0,"covered":0,"skipped":0,"pct":100}}
,"/Users/zycooks/Documents/Apps/CCNA App/src/weaknessUtils.js": {"lines":{"total":35,"covered":23,"skipped":0,"pct":65.71},"functions":{"total":11,"covered":7,"skipped":0,"pct":63.63},"statements":{"total":39,"covered":25,"skipped":0,"pct":64.1},"branches":{"total":29,"covered":18,"skipped":0,"pct":62.06}}
,"/Users/zycooks/Documents/Apps/CCNA App/src/ai/claudeClient.js": {"lines":{"total":125,"covered":12,"skipped":0,"pct":9.6},"functions":{"total":24,"covered":0,"skipped":0,"pct":0},"statements":{"total":162,"covered":12,"skipped":0,"pct":7.4},"branches":{"total":129,"covered":2,"skipped":0,"pct":1.55}}
,"/Users/zycooks/Documents/Apps/CCNA App/src/ai/claudeClientIndicators.jsx": {"lines":{"total":8,"covered":1,"skipped":0,"pct":12.5},"functions":{"total":2,"covered":0,"skipped":0,"pct":0},"statements":{"total":10,"covered":1,"skipped":0,"pct":10},"branches":{"total":10,"covered":0,"skipped":0,"pct":0}}
,"/Users/zycooks/Documents/Apps/CCNA App/src/answerReview/answerReviewQuality.js": {"lines":{"total":67,"covered":58,"skipped":0,"pct":86.56},"functions":{"total":23,"covered":20,"skipped":0,"pct":86.95},"statements":{"total":92,"covered":74,"skipped":0,"pct":80.43},"branches":{"total":77,"covered":53,"skipped":0,"pct":68.83}}
,"/Users/zycooks/Documents/Apps/CCNA App/src/answerReview/ckuTrapIndex.js": {"lines":{"total":1,"covered":1,"skipped":0,"pct":100},"functions":{"total":0,"covered":0,"skipped":0,"pct":100},"statements":{"total":1,"covered":1,"skipped":0,"pct":100},"branches":{"total":0,"covered":0,"skipped":0,"pct":100}}
,"/Users/zycooks/Documents/Apps/CCNA App/src/answerReview/ckuTrapLibrary.js": {"lines":{"total":60,"covered":57,"skipped":0,"pct":95},"functions":{"total":13,"covered":12,"skipped":0,"pct":92.3},"statements":{"total":76,"covered":67,"skipped":0,"pct":88.15},"branches":{"total":70,"covered":50,"skipped":0,"pct":71.42}}
,"/Users/zycooks/Documents/Apps/CCNA App/src/answerReview/examTipLogic.js": {"lines":{"total":38,"covered":37,"skipped":0,"pct":97.36},"functions":{"total":10,"covered":10,"skipped":0,"pct":100},"statements":{"total":46,"covered":42,"skipped":0,"pct":91.3},"branches":{"total":55,"covered":39,"skipped":0,"pct":70.9}}
,"/Users/zycooks/Documents/Apps/CCNA App/src/answerReview/goldAnswerReviews.js": {"lines":{"total":2,"covered":2,"skipped":0,"pct":100},"functions":{"total":1,"covered":1,"skipped":0,"pct":100},"statements":{"total":2,"covered":2,"skipped":0,"pct":100},"branches":{"total":2,"covered":2,"skipped":0,"pct":100}}
,"/Users/zycooks/Documents/Apps/CCNA App/src/answerReview/goldAnswerReviewsAsap.js": {"lines":{"total":1,"covered":1,"skipped":0,"pct":100},"functions":{"total":0,"covered":0,"skipped":0,"pct":100},"statements":{"total":1,"covered":1,"skipped":0,"pct":100},"branches":{"total":0,"covered":0,"skipped":0,"pct":100}}
,"/Users/zycooks/Documents/Apps/CCNA App/src/answerReview/goldAnswerReviewsBatch10.js": {"lines":{"total":1,"covered":1,"skipped":0,"pct":100},"functions":{"total":0,"covered":0,"skipped":0,"pct":100},"statements":{"total":1,"covered":1,"skipped":0,"pct":100},"branches":{"total":0,"covered":0,"skipped":0,"pct":100}}
,"/Users/zycooks/Documents/Apps/CCNA App/src/answerReview/goldAnswerReviewsBatch11.js": {"lines":{"total":1,"covered":1,"skipped":0,"pct":100},"functions":{"total":0,"covered":0,"skipped":0,"pct":100},"statements":{"total":1,"covered":1,"skipped":0,"pct":100},"branches":{"total":0,"covered":0,"skipped":0,"pct":100}}
,"/Users/zycooks/Documents/Apps/CCNA App/src/answerReview/goldAnswerReviewsBatch12.js": {"lines":{"total":1,"covered":1,"skipped":0,"pct":100},"functions":{"total":0,"covered":0,"skipped":0,"pct":100},"statements":{"total":1,"covered":1,"skipped":0,"pct":100},"branches":{"total":0,"covered":0,"skipped":0,"pct":100}}
,"/Users/zycooks/Documents/Apps/CCNA App/src/answerReview/goldAnswerReviewsBatch13.js": {"lines":{"total":1,"covered":1,"skipped":0,"pct":100},"functions":{"total":0,"covered":0,"skipped":0,"pct":100},"statements":{"total":1,"covered":1,"skipped":0,"pct":100},"branches":{"total":0,"covered":0,"skipped":0,"pct":100}}
,"/Users/zycooks/Documents/Apps/CCNA App/src/answerReview/goldAnswerReviewsBatch14.js": {"lines":{"total":1,"covered":1,"skipped":0,"pct":100},"functions":{"total":0,"covered":0,"skipped":0,"pct":100},"statements":{"total":1,"covered":1,"skipped":0,"pct":100},"branches":{"total":0,"covered":0,"skipped":0,"pct":100}}
,"/Users/zycooks/Documents/Apps/CCNA App/src/answerReview/goldAnswerReviewsBatch15.js": {"lines":{"total":1,"covered":1,"skipped":0,"pct":100},"functions":{"total":0,"covered":0,"skipped":0,"pct":100},"statements":{"total":1,"covered":1,"skipped":0,"pct":100},"branches":{"total":0,"covered":0,"skipped":0,"pct":100}}
,"/Users/zycooks/Documents/Apps/CCNA App/src/answerReview/goldAnswerReviewsBatch16.js": {"lines":{"total":1,"covered":1,"skipped":0,"pct":100},"functions":{"total":0,"covered":0,"skipped":0,"pct":100},"statements":{"total":1,"covered":1,"skipped":0,"pct":100},"branches":{"total":0,"covered":0,"skipped":0,"pct":100}}
,"/Users/zycooks/Documents/Apps/CCNA App/src/answerReview/goldAnswerReviewsBatch17.js": {"lines":{"total":1,"covered":1,"skipped":0,"pct":100},"functions":{"total":0,"covered":0,"skipped":0,"pct":100},"statements":{"total":1,"covered":1,"skipped":0,"pct":100},"branches":{"total":0,"covered":0,"skipped":0,"pct":100}}
,"/Users/zycooks/Documents/Apps/CCNA App/src/answerReview/goldAnswerReviewsBatch18.js": {"lines":{"total":1,"covered":1,"skipped":0,"pct":100},"functions":{"total":0,"covered":0,"skipped":0,"pct":100},"statements":{"total":1,"covered":1,"skipped":0,"pct":100},"branches":{"total":0,"covered":0,"skipped":0,"pct":100}}
,"/Users/zycooks/Documents/Apps/CCNA App/src/answerReview/goldAnswerReviewsBatch19.js": {"lines":{"total":1,"covered":1,"skipped":0,"pct":100},"functions":{"total":0,"covered":0,"skipped":0,"pct":100},"statements":{"total":1,"covered":1,"skipped":0,"pct":100},"branches":{"total":0,"covered":0,"skipped":0,"pct":100}}
,"/Users/zycooks/Documents/Apps/CCNA App/src/answerReview/goldAnswerReviewsBatch2.js": {"lines":{"total":1,"covered":1,"skipped":0,"pct":100},"functions":{"total":0,"covered":0,"skipped":0,"pct":100},"statements":{"total":1,"covered":1,"skipped":0,"pct":100},"branches":{"total":0,"covered":0,"skipped":0,"pct":100}}
,"/Users/zycooks/Documents/Apps/CCNA App/src/answerReview/goldAnswerReviewsBatch20.js": {"lines":{"total":1,"covered":1,"skipped":0,"pct":100},"functions":{"total":0,"covered":0,"skipped":0,"pct":100},"statements":{"total":1,"covered":1,"skipped":0,"pct":100},"branches":{"total":0,"covered":0,"skipped":0,"pct":100}}
,"/Users/zycooks/Documents/Apps/CCNA App/src/answerReview/goldAnswerReviewsBatch21.js": {"lines":{"total":1,"covered":1,"skipped":0,"pct":100},"functions":{"total":0,"covered":0,"skipped":0,"pct":100},"statements":{"total":1,"covered":1,"skipped":0,"pct":100},"branches":{"total":0,"covered":0,"skipped":0,"pct":100}}
,"/Users/zycooks/Documents/Apps/CCNA App/src/answerReview/goldAnswerReviewsBatch22.js": {"lines":{"total":1,"covered":1,"skipped":0,"pct":100},"functions":{"total":0,"covered":0,"skipped":0,"pct":100},"statements":{"total":1,"covered":1,"skipped":0,"pct":100},"branches":{"total":0,"covered":0,"skipped":0,"pct":100}}
,"/Users/zycooks/Documents/Apps/CCNA App/src/answerReview/goldAnswerReviewsBatch23.js": {"lines":{"total":1,"covered":1,"skipped":0,"pct":100},"functions":{"total":0,"covered":0,"skipped":0,"pct":100},"statements":{"total":1,"covered":1,"skipped":0,"pct":100},"branches":{"total":0,"covered":0,"skipped":0,"pct":100}}
,"/Users/zycooks/Documents/Apps/CCNA App/src/answerReview/goldAnswerReviewsBatch24.js": {"lines":{"total":1,"covered":1,"skipped":0,"pct":100},"functions":{"total":0,"covered":0,"skipped":0,"pct":100},"statements":{"total":1,"covered":1,"skipped":0,"pct":100},"branches":{"total":0,"covered":0,"skipped":0,"pct":100}}
,"/Users/zycooks/Documents/Apps/CCNA App/src/answerReview/goldAnswerReviewsBatch25.js": {"lines":{"total":1,"covered":1,"skipped":0,"pct":100},"functions":{"total":0,"covered":0,"skipped":0,"pct":100},"statements":{"total":1,"covered":1,"skipped":0,"pct":100},"branches":{"total":0,"covered":0,"skipped":0,"pct":100}}
,"/Users/zycooks/Documents/Apps/CCNA App/src/answerReview/goldAnswerReviewsBatch26.js": {"lines":{"total":1,"covered":1,"skipped":0,"pct":100},"functions":{"total":0,"covered":0,"skipped":0,"pct":100},"statements":{"total":1,"covered":1,"skipped":0,"pct":100},"branches":{"total":0,"covered":0,"skipped":0,"pct":100}}
,"/Users/zycooks/Documents/Apps/CCNA App/src/answerReview/goldAnswerReviewsBatch27.js": {"lines":{"total":1,"covered":1,"skipped":0,"pct":100},"functions":{"total":0,"covered":0,"skipped":0,"pct":100},"statements":{"total":1,"covered":1,"skipped":0,"pct":100},"branches":{"total":0,"covered":0,"skipped":0,"pct":100}}
,"/Users/zycooks/Documents/Apps/CCNA App/src/answerReview/goldAnswerReviewsBatch28.js": {"lines":{"total":1,"covered":1,"skipped":0,"pct":100},"functions":{"total":0,"covered":0,"skipped":0,"pct":100},"statements":{"total":1,"covered":1,"skipped":0,"pct":100},"branches":{"total":0,"covered":0,"skipped":0,"pct":100}}
,"/Users/zycooks/Documents/Apps/CCNA App/src/answerReview/goldAnswerReviewsBatch29.js": {"lines":{"total":1,"covered":1,"skipped":0,"pct":100},"functions":{"total":0,"covered":0,"skipped":0,"pct":100},"statements":{"total":1,"covered":1,"skipped":0,"pct":100},"branches":{"total":0,"covered":0,"skipped":0,"pct":100}}
,"/Users/zycooks/Documents/Apps/CCNA App/src/answerReview/goldAnswerReviewsBatch3.js": {"lines":{"total":1,"covered":1,"skipped":0,"pct":100},"functions":{"total":0,"covered":0,"skipped":0,"pct":100},"statements":{"total":1,"covered":1,"skipped":0,"pct":100},"branches":{"total":0,"covered":0,"skipped":0,"pct":100}}
,"/Users/zycooks/Documents/Apps/CCNA App/src/answerReview/goldAnswerReviewsBatch30.js": {"lines":{"total":1,"covered":1,"skipped":0,"pct":100},"functions":{"total":0,"covered":0,"skipped":0,"pct":100},"statements":{"total":1,"covered":1,"skipped":0,"pct":100},"branches":{"total":0,"covered":0,"skipped":0,"pct":100}}
,"/Users/zycooks/Documents/Apps/CCNA App/src/answerReview/goldAnswerReviewsBatch31.js": {"lines":{"total":1,"covered":1,"skipped":0,"pct":100},"functions":{"total":0,"covered":0,"skipped":0,"pct":100},"statements":{"total":1,"covered":1,"skipped":0,"pct":100},"branches":{"total":0,"covered":0,"skipped":0,"pct":100}}
,"/Users/zycooks/Documents/Apps/CCNA App/src/answerReview/goldAnswerReviewsBatch32.js": {"lines":{"total":1,"covered":1,"skipped":0,"pct":100},"functions":{"total":0,"covered":0,"skipped":0,"pct":100},"statements":{"total":1,"covered":1,"skipped":0,"pct":100},"branches":{"total":0,"covered":0,"skipped":0,"pct":100}}
,"/Users/zycooks/Documents/Apps/CCNA App/src/answerReview/goldAnswerReviewsBatch33.js": {"lines":{"total":1,"covered":1,"skipped":0,"pct":100},"functions":{"total":0,"covered":0,"skipped":0,"pct":100},"statements":{"total":1,"covered":1,"skipped":0,"pct":100},"branches":{"total":0,"covered":0,"skipped":0,"pct":100}}
,"/Users/zycooks/Documents/Apps/CCNA App/src/answerReview/goldAnswerReviewsBatch4.js": {"lines":{"total":1,"covered":1,"skipped":0,"pct":100},"functions":{"total":0,"covered":0,"skipped":0,"pct":100},"statements":{"total":1,"covered":1,"skipped":0,"pct":100},"branches":{"total":0,"covered":0,"skipped":0,"pct":100}}
,"/Users/zycooks/Documents/Apps/CCNA App/src/answerReview/goldAnswerReviewsBatch5.js": {"lines":{"total":1,"covered":1,"skipped":0,"pct":100},"functions":{"total":0,"covered":0,"skipped":0,"pct":100},"statements":{"total":1,"covered":1,"skipped":0,"pct":100},"branches":{"total":0,"covered":0,"skipped":0,"pct":100}}
,"/Users/zycooks/Documents/Apps/CCNA App/src/answerReview/goldAnswerReviewsBatch6.js": {"lines":{"total":1,"covered":1,"skipped":0,"pct":100},"functions":{"total":0,"covered":0,"skipped":0,"pct":100},"statements":{"total":1,"covered":1,"skipped":0,"pct":100},"branches":{"total":0,"covered":0,"skipped":0,"pct":100}}
,"/Users/zycooks/Documents/Apps/CCNA App/src/answerReview/goldAnswerReviewsBatch7.js": {"lines":{"total":1,"covered":1,"skipped":0,"pct":100},"functions":{"total":0,"covered":0,"skipped":0,"pct":100},"statements":{"total":1,"covered":1,"skipped":0,"pct":100},"branches":{"total":0,"covered":0,"skipped":0,"pct":100}}
,"/Users/zycooks/Documents/Apps/CCNA App/src/answerReview/goldAnswerReviewsBatch8.js": {"lines":{"total":1,"covered":1,"skipped":0,"pct":100},"functions":{"total":0,"covered":0,"skipped":0,"pct":100},"statements":{"total":1,"covered":1,"skipped":0,"pct":100},"branches":{"total":0,"covered":0,"skipped":0,"pct":100}}
,"/Users/zycooks/Documents/Apps/CCNA App/src/answerReview/goldAnswerReviewsBatch9.js": {"lines":{"total":1,"covered":1,"skipped":0,"pct":100},"functions":{"total":0,"covered":0,"skipped":0,"pct":100},"statements":{"total":1,"covered":1,"skipped":0,"pct":100},"branches":{"total":0,"covered":0,"skipped":0,"pct":100}}
,"/Users/zycooks/Documents/Apps/CCNA App/src/answerReview/goldAnswerReviewsCliSkill.js": {"lines":{"total":12,"covered":7,"skipped":0,"pct":58.33},"functions":{"total":4,"covered":2,"skipped":0,"pct":50},"statements":{"total":16,"covered":9,"skipped":0,"pct":56.25},"branches":{"total":21,"covered":12,"skipped":0,"pct":57.14}}
,"/Users/zycooks/Documents/Apps/CCNA App/src/answerReview/goldAnswerReviewsCurated61.js": {"lines":{"total":1,"covered":1,"skipped":0,"pct":100},"functions":{"total":0,"covered":0,"skipped":0,"pct":100},"statements":{"total":1,"covered":1,"skipped":0,"pct":100},"branches":{"total":0,"covered":0,"skipped":0,"pct":100}}
,"/Users/zycooks/Documents/Apps/CCNA App/src/answerReview/goldAnswerReviewsHighTraffic.js": {"lines":{"total":1,"covered":1,"skipped":0,"pct":100},"functions":{"total":0,"covered":0,"skipped":0,"pct":100},"statements":{"total":1,"covered":1,"skipped":0,"pct":100},"branches":{"total":0,"covered":0,"skipped":0,"pct":100}}
,"/Users/zycooks/Documents/Apps/CCNA App/src/answerReview/goldAnswerReviewsPlacementTraps.js": {"lines":{"total":1,"covered":1,"skipped":0,"pct":100},"functions":{"total":0,"covered":0,"skipped":0,"pct":100},"statements":{"total":1,"covered":1,"skipped":0,"pct":100},"branches":{"total":0,"covered":0,"skipped":0,"pct":100}}
,"/Users/zycooks/Documents/Apps/CCNA App/src/answerReview/goldAnswerReviewsPlacementTrapsBatch2.js": {"lines":{"total":1,"covered":1,"skipped":0,"pct":100},"functions":{"total":0,"covered":0,"skipped":0,"pct":100},"statements":{"total":1,"covered":1,"skipped":0,"pct":100},"branches":{"total":0,"covered":0,"skipped":0,"pct":100}}
,"/Users/zycooks/Documents/Apps/CCNA App/src/answerReview/goldAnswerReviewsPlacementTrapsBatch3.js": {"lines":{"total":1,"covered":1,"skipped":0,"pct":100},"functions":{"total":0,"covered":0,"skipped":0,"pct":100},"statements":{"total":1,"covered":1,"skipped":0,"pct":100},"branches":{"total":0,"covered":0,"skipped":0,"pct":100}}
,"/Users/zycooks/Documents/Apps/CCNA App/src/answerReview/goldAnswerReviewsSecurityIpv6Polish.js": {"lines":{"total":1,"covered":1,"skipped":0,"pct":100},"functions":{"total":0,"covered":0,"skipped":0,"pct":100},"statements":{"total":1,"covered":1,"skipped":0,"pct":100},"branches":{"total":0,"covered":0,"skipped":0,"pct":100}}
,"/Users/zycooks/Documents/Apps/CCNA App/src/answerReview/goldAnswerReviewsWave15.js": {"lines":{"total":1,"covered":1,"skipped":0,"pct":100},"functions":{"total":0,"covered":0,"skipped":0,"pct":100},"statements":{"total":1,"covered":1,"skipped":0,"pct":100},"branches":{"total":0,"covered":0,"skipped":0,"pct":100}}
,"/Users/zycooks/Documents/Apps/CCNA App/src/answerReview/goldAnswerReviewsWave16.js": {"lines":{"total":1,"covered":1,"skipped":0,"pct":100},"functions":{"total":0,"covered":0,"skipped":0,"pct":100},"statements":{"total":1,"covered":1,"skipped":0,"pct":100},"branches":{"total":0,"covered":0,"skipped":0,"pct":100}}
,"/Users/zycooks/Documents/Apps/CCNA App/src/answerReview/goldAnswerReviewsWlan58.js": {"lines":{"total":1,"covered":1,"skipped":0,"pct":100},"functions":{"total":0,"covered":0,"skipped":0,"pct":100},"statements":{"total":1,"covered":1,"skipped":0,"pct":100},"branches":{"total":0,"covered":0,"skipped":0,"pct":100}}
,"/Users/zycooks/Documents/Apps/CCNA App/src/answerReview/goldAnswerReviewsWlanAutomationPolish.js": {"lines":{"total":1,"covered":1,"skipped":0,"pct":100},"functions":{"total":0,"covered":0,"skipped":0,"pct":100},"statements":{"total":1,"covered":1,"skipped":0,"pct":100},"branches":{"total":0,"covered":0,"skipped":0,"pct":100}}
,"/Users/zycooks/Documents/Apps/CCNA App/src/answerReview/goldExamTips.js": {"lines":{"total":6,"covered":6,"skipped":0,"pct":100},"functions":{"total":1,"covered":1,"skipped":0,"pct":100},"statements":{"total":9,"covered":8,"skipped":0,"pct":88.88},"branches":{"total":10,"covered":9,"skipped":0,"pct":90}}
,"/Users/zycooks/Documents/Apps/CCNA App/src/answerReview/stemAnchoredDistractor.js": {"lines":{"total":259,"covered":251,"skipped":0,"pct":96.91},"functions":{"total":16,"covered":16,"skipped":0,"pct":100},"statements":{"total":278,"covered":268,"skipped":0,"pct":96.4},"branches":{"total":380,"covered":346,"skipped":0,"pct":91.05}}
,"/Users/zycooks/Documents/Apps/CCNA App/src/commands/CommandDetailPanel.jsx": {"lines":{"total":23,"covered":0,"skipped":0,"pct":0},"functions":{"total":13,"covered":0,"skipped":0,"pct":0},"statements":{"total":28,"covered":0,"skipped":0,"pct":0},"branches":{"total":44,"covered":0,"skipped":0,"pct":0}}
,"/Users/zycooks/Documents/Apps/CCNA App/src/commands/CommandDrillCoach.jsx": {"lines":{"total":39,"covered":1,"skipped":0,"pct":2.56},"functions":{"total":12,"covered":0,"skipped":0,"pct":0},"statements":{"total":47,"covered":1,"skipped":0,"pct":2.12},"branches":{"total":49,"covered":0,"skipped":0,"pct":0}}
,"/Users/zycooks/Documents/Apps/CCNA App/src/commands/CommandHubStudio.jsx": {"lines":{"total":96,"covered":48,"skipped":0,"pct":50},"functions":{"total":54,"covered":18,"skipped":0,"pct":33.33},"statements":{"total":118,"covered":53,"skipped":0,"pct":44.91},"branches":{"total":120,"covered":44,"skipped":0,"pct":36.66}}
,"/Users/zycooks/Documents/Apps/CCNA App/src/commands/CommandSyntaxCoach.jsx": {"lines":{"total":61,"covered":1,"skipped":0,"pct":1.63},"functions":{"total":22,"covered":0,"skipped":0,"pct":0},"statements":{"total":70,"covered":1,"skipped":0,"pct":1.42},"branches":{"total":80,"covered":0,"skipped":0,"pct":0}}
,"/Users/zycooks/Documents/Apps/CCNA App/src/commands/ccnaCommandRegistry.js": {"lines":{"total":1,"covered":1,"skipped":0,"pct":100},"functions":{"total":0,"covered":0,"skipped":0,"pct":100},"statements":{"total":1,"covered":1,"skipped":0,"pct":100},"branches":{"total":0,"covered":0,"skipped":0,"pct":100}}
,"/Users/zycooks/Documents/Apps/CCNA App/src/commands/commandDrillQuiz.js": {"lines":{"total":57,"covered":55,"skipped":0,"pct":96.49},"functions":{"total":15,"covered":14,"skipped":0,"pct":93.33},"statements":{"total":70,"covered":64,"skipped":0,"pct":91.42},"branches":{"total":62,"covered":45,"skipped":0,"pct":72.58}}
,"/Users/zycooks/Documents/Apps/CCNA App/src/commands/commandHubLayout.js": {"lines":{"total":29,"covered":29,"skipped":0,"pct":100},"functions":{"total":7,"covered":7,"skipped":0,"pct":100},"statements":{"total":37,"covered":35,"skipped":0,"pct":94.59},"branches":{"total":28,"covered":19,"skipped":0,"pct":67.85}}
,"/Users/zycooks/Documents/Apps/CCNA App/src/commands/commandIndex.js": {"lines":{"total":90,"covered":90,"skipped":0,"pct":100},"functions":{"total":18,"covered":18,"skipped":0,"pct":100},"statements":{"total":124,"covered":118,"skipped":0,"pct":95.16},"branches":{"total":140,"covered":117,"skipped":0,"pct":83.57}}
,"/Users/zycooks/Documents/Apps/CCNA App/src/commands/commandSearch.js": {"lines":{"total":48,"covered":43,"skipped":0,"pct":89.58},"functions":{"total":19,"covered":14,"skipped":0,"pct":73.68},"statements":{"total":71,"covered":51,"skipped":0,"pct":71.83},"branches":{"total":90,"covered":51,"skipped":0,"pct":56.66}}
,"/Users/zycooks/Documents/Apps/CCNA App/src/commands/commandSyntaxQuiz.js": {"lines":{"total":63,"covered":59,"skipped":0,"pct":93.65},"functions":{"total":19,"covered":18,"skipped":0,"pct":94.73},"statements":{"total":78,"covered":70,"skipped":0,"pct":89.74},"branches":{"total":63,"covered":46,"skipped":0,"pct":73.01}}
,"/Users/zycooks/Documents/Apps/CCNA App/src/commands/commandSyntaxTips.js": {"lines":{"total":4,"covered":4,"skipped":0,"pct":100},"functions":{"total":2,"covered":2,"skipped":0,"pct":100},"statements":{"total":6,"covered":5,"skipped":0,"pct":83.33},"branches":{"total":5,"covered":4,"skipped":0,"pct":80}}
,"/Users/zycooks/Documents/Apps/CCNA App/src/commands/commandWorkflows.js": {"lines":{"total":6,"covered":6,"skipped":0,"pct":100},"functions":{"total":0,"covered":0,"skipped":0,"pct":100},"statements":{"total":6,"covered":6,"skipped":0,"pct":100},"branches":{"total":0,"covered":0,"skipped":0,"pct":100}}
,"/Users/zycooks/Documents/Apps/CCNA App/src/commands/questionPlacement.js": {"lines":{"total":15,"covered":14,"skipped":0,"pct":93.33},"functions":{"total":5,"covered":4,"skipped":0,"pct":80},"statements":{"total":19,"covered":17,"skipped":0,"pct":89.47},"branches":{"total":21,"covered":17,"skipped":0,"pct":80.95}}
,"/Users/zycooks/Documents/Apps/CCNA App/src/commands/workflowLabMap.js": {"lines":{"total":2,"covered":1,"skipped":0,"pct":50},"functions":{"total":1,"covered":0,"skipped":0,"pct":0},"statements":{"total":2,"covered":1,"skipped":0,"pct":50},"branches":{"total":2,"covered":0,"skipped":0,"pct":0}}
,"/Users/zycooks/Documents/Apps/CCNA App/src/components/AnswerReview.jsx": {"lines":{"total":75,"covered":1,"skipped":0,"pct":1.33},"functions":{"total":25,"covered":0,"skipped":0,"pct":0},"statements":{"total":84,"covered":1,"skipped":0,"pct":1.19},"branches":{"total":161,"covered":0,"skipped":0,"pct":0}}
,"/Users/zycooks/Documents/Apps/CCNA App/src/components/AppErrorBoundary.jsx": {"lines":{"total":14,"covered":1,"skipped":0,"pct":7.14},"functions":{"total":6,"covered":1,"skipped":0,"pct":16.66},"statements":{"total":14,"covered":1,"skipped":0,"pct":7.14},"branches":{"total":4,"covered":0,"skipped":0,"pct":0}}
,"/Users/zycooks/Documents/Apps/CCNA App/src/components/CiscoTerminal.jsx": {"lines":{"total":19,"covered":1,"skipped":0,"pct":5.26},"functions":{"total":7,"covered":0,"skipped":0,"pct":0},"statements":{"total":21,"covered":1,"skipped":0,"pct":4.76},"branches":{"total":27,"covered":0,"skipped":0,"pct":0}}
,"/Users/zycooks/Documents/Apps/CCNA App/src/components/ContentHealthHomeStrip.jsx": {"lines":{"total":16,"covered":0,"skipped":0,"pct":0},"functions":{"total":6,"covered":0,"skipped":0,"pct":0},"statements":{"total":21,"covered":0,"skipped":0,"pct":0},"branches":{"total":35,"covered":0,"skipped":0,"pct":0}}
,"/Users/zycooks/Documents/Apps/CCNA App/src/components/CuratedDiagram.jsx": {"lines":{"total":204,"covered":11,"skipped":0,"pct":5.39},"functions":{"total":57,"covered":3,"skipped":0,"pct":5.26},"statements":{"total":257,"covered":16,"skipped":0,"pct":6.22},"branches":{"total":341,"covered":10,"skipped":0,"pct":2.93}}
,"/Users/zycooks/Documents/Apps/CCNA App/src/components/CuratedStaticBadge.jsx": {"lines":{"total":5,"covered":0,"skipped":0,"pct":0},"functions":{"total":1,"covered":0,"skipped":0,"pct":0},"statements":{"total":6,"covered":0,"skipped":0,"pct":0},"branches":{"total":20,"covered":0,"skipped":0,"pct":0}}
,"/Users/zycooks/Documents/Apps/CCNA App/src/components/CuratedVisualBundle.jsx": {"lines":{"total":13,"covered":0,"skipped":0,"pct":0},"functions":{"total":6,"covered":0,"skipped":0,"pct":0},"statements":{"total":17,"covered":0,"skipped":0,"pct":0},"branches":{"total":25,"covered":0,"skipped":0,"pct":0}}
,"/Users/zycooks/Documents/Apps/CCNA App/src/components/DeferredExamTips.jsx": {"lines":{"total":8,"covered":0,"skipped":0,"pct":0},"functions":{"total":5,"covered":0,"skipped":0,"pct":0},"statements":{"total":11,"covered":0,"skipped":0,"pct":0},"branches":{"total":11,"covered":0,"skipped":0,"pct":0}}
,"/Users/zycooks/Documents/Apps/CCNA App/src/components/DifficultyPill.jsx": {"lines":{"total":6,"covered":0,"skipped":0,"pct":0},"functions":{"total":2,"covered":0,"skipped":0,"pct":0},"statements":{"total":10,"covered":0,"skipped":0,"pct":0},"branches":{"total":10,"covered":0,"skipped":0,"pct":0}}
,"/Users/zycooks/Documents/Apps/CCNA App/src/components/EngineerViewSection.jsx": {"lines":{"total":7,"covered":0,"skipped":0,"pct":0},"functions":{"total":6,"covered":0,"skipped":0,"pct":0},"statements":{"total":9,"covered":0,"skipped":0,"pct":0},"branches":{"total":24,"covered":0,"skipped":0,"pct":0}}
,"/Users/zycooks/Documents/Apps/CCNA App/src/components/ErrorBox.jsx": {"lines":{"total":1,"covered":0,"skipped":0,"pct":0},"functions":{"total":1,"covered":0,"skipped":0,"pct":0},"statements":{"total":1,"covered":0,"skipped":0,"pct":0},"branches":{"total":4,"covered":0,"skipped":0,"pct":0}}
,"/Users/zycooks/Documents/Apps/CCNA App/src/components/LazyRoute.jsx": {"lines":{"total":1,"covered":0,"skipped":0,"pct":0},"functions":{"total":1,"covered":0,"skipped":0,"pct":0},"statements":{"total":1,"covered":0,"skipped":0,"pct":0},"branches":{"total":1,"covered":0,"skipped":0,"pct":0}}
,"/Users/zycooks/Documents/Apps/CCNA App/src/components/MasteryChecklist.jsx": {"lines":{"total":7,"covered":0,"skipped":0,"pct":0},"functions":{"total":5,"covered":0,"skipped":0,"pct":0},"statements":{"total":9,"covered":0,"skipped":0,"pct":0},"branches":{"total":16,"covered":0,"skipped":0,"pct":0}}
,"/Users/zycooks/Documents/Apps/CCNA App/src/components/McChoices.jsx": {"lines":{"total":71,"covered":0,"skipped":0,"pct":0},"functions":{"total":18,"covered":0,"skipped":0,"pct":0},"statements":{"total":78,"covered":0,"skipped":0,"pct":0},"branches":{"total":92,"covered":0,"skipped":0,"pct":0}}
,"/Users/zycooks/Documents/Apps/CCNA App/src/components/NavHintIcons.jsx": {"lines":{"total":8,"covered":1,"skipped":0,"pct":12.5},"functions":{"total":1,"covered":0,"skipped":0,"pct":0},"statements":{"total":8,"covered":1,"skipped":0,"pct":12.5},"branches":{"total":8,"covered":0,"skipped":0,"pct":0}}
,"/Users/zycooks/Documents/Apps/CCNA App/src/components/NavHintProvider.jsx": {"lines":{"total":22,"covered":1,"skipped":0,"pct":4.54},"functions":{"total":10,"covered":0,"skipped":0,"pct":0},"statements":{"total":28,"covered":1,"skipped":0,"pct":3.57},"branches":{"total":15,"covered":0,"skipped":0,"pct":0}}
,"/Users/zycooks/Documents/Apps/CCNA App/src/components/ObjectiveOverflowMenu.jsx": {"lines":{"total":31,"covered":1,"skipped":0,"pct":3.22},"functions":{"total":21,"covered":0,"skipped":0,"pct":0},"statements":{"total":41,"covered":1,"skipped":0,"pct":2.43},"branches":{"total":42,"covered":0,"skipped":0,"pct":0}}
,"/Users/zycooks/Documents/Apps/CCNA App/src/components/OverflowMarquee.jsx": {"lines":{"total":33,"covered":13,"skipped":0,"pct":39.39},"functions":{"total":8,"covered":2,"skipped":0,"pct":25},"statements":{"total":37,"covered":13,"skipped":0,"pct":35.13},"branches":{"total":16,"covered":5,"skipped":0,"pct":31.25}}
,"/Users/zycooks/Documents/Apps/CCNA App/src/components/PremiumPreview.jsx": {"lines":{"total":5,"covered":0,"skipped":0,"pct":0},"functions":{"total":4,"covered":0,"skipped":0,"pct":0},"statements":{"total":6,"covered":0,"skipped":0,"pct":0},"branches":{"total":20,"covered":0,"skipped":0,"pct":0}}
,"/Users/zycooks/Documents/Apps/CCNA App/src/components/ProgressBar.jsx": {"lines":{"total":4,"covered":0,"skipped":0,"pct":0},"functions":{"total":2,"covered":0,"skipped":0,"pct":0},"statements":{"total":4,"covered":0,"skipped":0,"pct":0},"branches":{"total":14,"covered":0,"skipped":0,"pct":0}}
,"/Users/zycooks/Documents/Apps/CCNA App/src/components/ProgressRing.jsx": {"lines":{"total":21,"covered":0,"skipped":0,"pct":0},"functions":{"total":6,"covered":0,"skipped":0,"pct":0},"statements":{"total":25,"covered":0,"skipped":0,"pct":0},"branches":{"total":17,"covered":0,"skipped":0,"pct":0}}
,"/Users/zycooks/Documents/Apps/CCNA App/src/components/QuestionFlagPanel.jsx": {"lines":{"total":23,"covered":0,"skipped":0,"pct":0},"functions":{"total":8,"covered":0,"skipped":0,"pct":0},"statements":{"total":26,"covered":0,"skipped":0,"pct":0},"branches":{"total":17,"covered":0,"skipped":0,"pct":0}}
,"/Users/zycooks/Documents/Apps/CCNA App/src/components/QuestionHealthAdminSection.jsx": {"lines":{"total":25,"covered":0,"skipped":0,"pct":0},"functions":{"total":14,"covered":0,"skipped":0,"pct":0},"statements":{"total":35,"covered":0,"skipped":0,"pct":0},"branches":{"total":59,"covered":0,"skipped":0,"pct":0}}
,"/Users/zycooks/Documents/Apps/CCNA App/src/components/QuestionUnderReviewBanner.jsx": {"lines":{"total":8,"covered":3,"skipped":0,"pct":37.5},"functions":{"total":2,"covered":1,"skipped":0,"pct":50},"statements":{"total":10,"covered":3,"skipped":0,"pct":30},"branches":{"total":9,"covered":0,"skipped":0,"pct":0}}
,"/Users/zycooks/Documents/Apps/CCNA App/src/components/QuizQuestionChrome.jsx": {"lines":{"total":76,"covered":1,"skipped":0,"pct":1.31},"functions":{"total":26,"covered":0,"skipped":0,"pct":0},"statements":{"total":95,"covered":1,"skipped":0,"pct":1.05},"branches":{"total":131,"covered":0,"skipped":0,"pct":0}}
,"/Users/zycooks/Documents/Apps/CCNA App/src/components/ReadingTtsControls.jsx": {"lines":{"total":33,"covered":0,"skipped":0,"pct":0},"functions":{"total":14,"covered":0,"skipped":0,"pct":0},"statements":{"total":46,"covered":0,"skipped":0,"pct":0},"branches":{"total":34,"covered":0,"skipped":0,"pct":0}}
,"/Users/zycooks/Documents/Apps/CCNA App/src/components/Spinner.jsx": {"lines":{"total":1,"covered":1,"skipped":0,"pct":100},"functions":{"total":1,"covered":1,"skipped":0,"pct":100},"statements":{"total":1,"covered":1,"skipped":0,"pct":100},"branches":{"total":2,"covered":1,"skipped":0,"pct":50}}
,"/Users/zycooks/Documents/Apps/CCNA App/src/components/StatusDot.jsx": {"lines":{"total":2,"covered":0,"skipped":0,"pct":0},"functions":{"total":1,"covered":0,"skipped":0,"pct":0},"statements":{"total":2,"covered":0,"skipped":0,"pct":0},"branches":{"total":4,"covered":0,"skipped":0,"pct":0}}
,"/Users/zycooks/Documents/Apps/CCNA App/src/components/StatusLabel.jsx": {"lines":{"total":3,"covered":0,"skipped":0,"pct":0},"functions":{"total":1,"covered":0,"skipped":0,"pct":0},"statements":{"total":3,"covered":0,"skipped":0,"pct":0},"branches":{"total":6,"covered":0,"skipped":0,"pct":0}}
,"/Users/zycooks/Documents/Apps/CCNA App/src/components/StudyBlockCompleteCard.jsx": {"lines":{"total":8,"covered":0,"skipped":0,"pct":0},"functions":{"total":4,"covered":0,"skipped":0,"pct":0},"statements":{"total":13,"covered":0,"skipped":0,"pct":0},"branches":{"total":14,"covered":0,"skipped":0,"pct":0}}
,"/Users/zycooks/Documents/Apps/CCNA App/src/components/StudyBlockProvider.jsx": {"lines":{"total":61,"covered":2,"skipped":0,"pct":3.27},"functions":{"total":32,"covered":1,"skipped":0,"pct":3.12},"statements":{"total":81,"covered":2,"skipped":0,"pct":2.46},"branches":{"total":32,"covered":0,"skipped":0,"pct":0}}
,"/Users/zycooks/Documents/Apps/CCNA App/src/components/StudyBlockStrip.jsx": {"lines":{"total":25,"covered":0,"skipped":0,"pct":0},"functions":{"total":9,"covered":0,"skipped":0,"pct":0},"statements":{"total":31,"covered":0,"skipped":0,"pct":0},"branches":{"total":60,"covered":0,"skipped":0,"pct":0}}
,"/Users/zycooks/Documents/Apps/CCNA App/src/components/StudyModeHeader.jsx": {"lines":{"total":1,"covered":1,"skipped":0,"pct":100},"functions":{"total":1,"covered":1,"skipped":0,"pct":100},"statements":{"total":1,"covered":1,"skipped":0,"pct":100},"branches":{"total":6,"covered":6,"skipped":0,"pct":100}}
,"/Users/zycooks/Documents/Apps/CCNA App/src/components/SvgConfetti.jsx": {"lines":{"total":25,"covered":1,"skipped":0,"pct":4},"functions":{"total":10,"covered":0,"skipped":0,"pct":0},"statements":{"total":30,"covered":1,"skipped":0,"pct":3.33},"branches":{"total":17,"covered":0,"skipped":0,"pct":0}}
,"/Users/zycooks/Documents/Apps/CCNA App/src/components/TabSectionLabel.jsx": {"lines":{"total":1,"covered":0,"skipped":0,"pct":0},"functions":{"total":1,"covered":0,"skipped":0,"pct":0},"statements":{"total":1,"covered":0,"skipped":0,"pct":0},"branches":{"total":0,"covered":0,"skipped":0,"pct":100}}
,"/Users/zycooks/Documents/Apps/CCNA App/src/components/ThemeToggleButton.jsx": {"lines":{"total":3,"covered":0,"skipped":0,"pct":0},"functions":{"total":1,"covered":0,"skipped":0,"pct":0},"statements":{"total":4,"covered":0,"skipped":0,"pct":0},"branches":{"total":11,"covered":0,"skipped":0,"pct":0}}
,"/Users/zycooks/Documents/Apps/CCNA App/src/components/VisualAidRender.jsx": {"lines":{"total":20,"covered":0,"skipped":0,"pct":0},"functions":{"total":6,"covered":0,"skipped":0,"pct":0},"statements":{"total":21,"covered":0,"skipped":0,"pct":0},"branches":{"total":36,"covered":0,"skipped":0,"pct":0}}
,"/Users/zycooks/Documents/Apps/CCNA App/src/components/answerReviewSessionProps.js": {"lines":{"total":6,"covered":6,"skipped":0,"pct":100},"functions":{"total":2,"covered":2,"skipped":0,"pct":100},"statements":{"total":7,"covered":6,"skipped":0,"pct":85.71},"branches":{"total":11,"covered":8,"skipped":0,"pct":72.72}}
,"/Users/zycooks/Documents/Apps/CCNA App/src/components/diagramDeviceIcons.jsx": {"lines":{"total":36,"covered":14,"skipped":0,"pct":38.88},"functions":{"total":5,"covered":3,"skipped":0,"pct":60},"statements":{"total":41,"covered":17,"skipped":0,"pct":41.46},"branches":{"total":92,"covered":34,"skipped":0,"pct":36.95}}
,"/Users/zycooks/Documents/Apps/CCNA App/src/components/diagramPanZoom.js": {"lines":{"total":21,"covered":19,"skipped":0,"pct":90.47},"functions":{"total":6,"covered":5,"skipped":0,"pct":83.33},"statements":{"total":23,"covered":19,"skipped":0,"pct":82.6},"branches":{"total":28,"covered":16,"skipped":0,"pct":57.14}}
,"/Users/zycooks/Documents/Apps/CCNA App/src/context/AppNavigationContext.jsx": {"lines":{"total":5,"covered":1,"skipped":0,"pct":20},"functions":{"total":2,"covered":0,"skipped":0,"pct":0},"statements":{"total":6,"covered":1,"skipped":0,"pct":16.66},"branches":{"total":2,"covered":0,"skipped":0,"pct":0}}
,"/Users/zycooks/Documents/Apps/CCNA App/src/context/McChoiceShuffleContext.jsx": {"lines":{"total":4,"covered":1,"skipped":0,"pct":25},"functions":{"total":2,"covered":0,"skipped":0,"pct":0},"statements":{"total":4,"covered":1,"skipped":0,"pct":25},"branches":{"total":1,"covered":0,"skipped":0,"pct":0}}
,"/Users/zycooks/Documents/Apps/CCNA App/src/features/domainPass/DomainPassCompleteCard.jsx": {"lines":{"total":43,"covered":1,"skipped":0,"pct":2.32},"functions":{"total":9,"covered":0,"skipped":0,"pct":0},"statements":{"total":48,"covered":1,"skipped":0,"pct":2.08},"branches":{"total":35,"covered":0,"skipped":0,"pct":0}}
,"/Users/zycooks/Documents/Apps/CCNA App/src/features/domainPass/DomainPassFocusPicker.jsx": {"lines":{"total":47,"covered":0,"skipped":0,"pct":0},"functions":{"total":21,"covered":0,"skipped":0,"pct":0},"statements":{"total":60,"covered":0,"skipped":0,"pct":0},"branches":{"total":38,"covered":0,"skipped":0,"pct":0}}
,"/Users/zycooks/Documents/Apps/CCNA App/src/features/domainPass/DomainPassHub.jsx": {"lines":{"total":62,"covered":0,"skipped":0,"pct":0},"functions":{"total":17,"covered":0,"skipped":0,"pct":0},"statements":{"total":68,"covered":0,"skipped":0,"pct":0},"branches":{"total":49,"covered":0,"skipped":0,"pct":0}}
,"/Users/zycooks/Documents/Apps/CCNA App/src/features/domainPass/DomainPassSession.jsx": {"lines":{"total":183,"covered":0,"skipped":0,"pct":0},"functions":{"total":49,"covered":0,"skipped":0,"pct":0},"statements":{"total":206,"covered":0,"skipped":0,"pct":0},"branches":{"total":192,"covered":0,"skipped":0,"pct":0}}
,"/Users/zycooks/Documents/Apps/CCNA App/src/features/domainPass/buildDomainPassPool.js": {"lines":{"total":169,"covered":154,"skipped":0,"pct":91.12},"functions":{"total":43,"covered":39,"skipped":0,"pct":90.69},"statements":{"total":217,"covered":185,"skipped":0,"pct":85.25},"branches":{"total":179,"covered":137,"skipped":0,"pct":76.53}}
,"/Users/zycooks/Documents/Apps/CCNA App/src/features/domainPass/domainPassConfig.js": {"lines":{"total":47,"covered":40,"skipped":0,"pct":85.1},"functions":{"total":14,"covered":11,"skipped":0,"pct":78.57},"statements":{"total":59,"covered":47,"skipped":0,"pct":79.66},"branches":{"total":53,"covered":31,"skipped":0,"pct":58.49}}
,"/Users/zycooks/Documents/Apps/CCNA App/src/features/domainPass/domainPassDebriefResume.js": {"lines":{"total":22,"covered":21,"skipped":0,"pct":95.45},"functions":{"total":6,"covered":6,"skipped":0,"pct":100},"statements":{"total":28,"covered":24,"skipped":0,"pct":85.71},"branches":{"total":20,"covered":16,"skipped":0,"pct":80}}
,"/Users/zycooks/Documents/Apps/CCNA App/src/features/domainPass/domainPassStorage.js": {"lines":{"total":60,"covered":48,"skipped":0,"pct":80},"functions":{"total":16,"covered":11,"skipped":0,"pct":68.75},"statements":{"total":64,"covered":49,"skipped":0,"pct":76.56},"branches":{"total":70,"covered":44,"skipped":0,"pct":62.85}}
,"/Users/zycooks/Documents/Apps/CCNA App/src/features/domainPass/domainPassWeakStudy.js": {"lines":{"total":4,"covered":4,"skipped":0,"pct":100},"functions":{"total":1,"covered":1,"skipped":0,"pct":100},"statements":{"total":6,"covered":5,"skipped":0,"pct":83.33},"branches":{"total":6,"covered":5,"skipped":0,"pct":83.33}}
,"/Users/zycooks/Documents/Apps/CCNA App/src/features/domainPass/domainQuestionExposure.js": {"lines":{"total":44,"covered":40,"skipped":0,"pct":90.9},"functions":{"total":10,"covered":8,"skipped":0,"pct":80},"statements":{"total":52,"covered":45,"skipped":0,"pct":86.53},"branches":{"total":51,"covered":35,"skipped":0,"pct":68.62}}
,"/Users/zycooks/Documents/Apps/CCNA App/src/features/domainPass/useDomainCardLongPress.js": {"lines":{"total":18,"covered":1,"skipped":0,"pct":5.55},"functions":{"total":5,"covered":0,"skipped":0,"pct":0},"statements":{"total":18,"covered":1,"skipped":0,"pct":5.55},"branches":{"total":2,"covered":0,"skipped":0,"pct":0}}
,"/Users/zycooks/Documents/Apps/CCNA App/src/features/domainPlacement/DomainBaselinePanel.jsx": {"lines":{"total":40,"covered":25,"skipped":0,"pct":62.5},"functions":{"total":19,"covered":10,"skipped":0,"pct":52.63},"statements":{"total":48,"covered":30,"skipped":0,"pct":62.5},"branches":{"total":98,"covered":57,"skipped":0,"pct":58.16}}
,"/Users/zycooks/Documents/Apps/CCNA App/src/features/domainPlacement/DomainBaselinePrompt.jsx": {"lines":{"total":14,"covered":0,"skipped":0,"pct":0},"functions":{"total":7,"covered":0,"skipped":0,"pct":0},"statements":{"total":16,"covered":0,"skipped":0,"pct":0},"branches":{"total":21,"covered":0,"skipped":0,"pct":0}}
,"/Users/zycooks/Documents/Apps/CCNA App/src/features/domainPlacement/DomainBaselineStatusPill.jsx": {"lines":{"total":5,"covered":3,"skipped":0,"pct":60},"functions":{"total":2,"covered":1,"skipped":0,"pct":50},"statements":{"total":5,"covered":3,"skipped":0,"pct":60},"branches":{"total":16,"covered":8,"skipped":0,"pct":50}}
,"/Users/zycooks/Documents/Apps/CCNA App/src/features/domainPlacement/DomainPlacementDebrief.jsx": {"lines":{"total":30,"covered":9,"skipped":0,"pct":30},"functions":{"total":9,"covered":2,"skipped":0,"pct":22.22},"statements":{"total":35,"covered":10,"skipped":0,"pct":28.57},"branches":{"total":82,"covered":31,"skipped":0,"pct":37.8}}
,"/Users/zycooks/Documents/Apps/CCNA App/src/features/domainPlacement/DomainPlacementIntro.jsx": {"lines":{"total":33,"covered":0,"skipped":0,"pct":0},"functions":{"total":11,"covered":0,"skipped":0,"pct":0},"statements":{"total":36,"covered":0,"skipped":0,"pct":0},"branches":{"total":37,"covered":0,"skipped":0,"pct":0}}
,"/Users/zycooks/Documents/Apps/CCNA App/src/features/domainPlacement/DomainPlacementObjectiveBreakdown.jsx": {"lines":{"total":44,"covered":33,"skipped":0,"pct":75},"functions":{"total":13,"covered":10,"skipped":0,"pct":76.92},"statements":{"total":51,"covered":36,"skipped":0,"pct":70.58},"branches":{"total":117,"covered":86,"skipped":0,"pct":73.5}}
,"/Users/zycooks/Documents/Apps/CCNA App/src/features/domainPlacement/DomainPlacementSession.jsx": {"lines":{"total":111,"covered":0,"skipped":0,"pct":0},"functions":{"total":17,"covered":0,"skipped":0,"pct":0},"statements":{"total":125,"covered":0,"skipped":0,"pct":0},"branches":{"total":101,"covered":0,"skipped":0,"pct":0}}
,"/Users/zycooks/Documents/Apps/CCNA App/src/features/domainPlacement/accessPlacementBlueprint.js": {"lines":{"total":1,"covered":1,"skipped":0,"pct":100},"functions":{"total":0,"covered":0,"skipped":0,"pct":100},"statements":{"total":1,"covered":1,"skipped":0,"pct":100},"branches":{"total":0,"covered":0,"skipped":0,"pct":100}}
,"/Users/zycooks/Documents/Apps/CCNA App/src/features/domainPlacement/automationPlacementBlueprint.js": {"lines":{"total":1,"covered":1,"skipped":0,"pct":100},"functions":{"total":0,"covered":0,"skipped":0,"pct":100},"statements":{"total":1,"covered":1,"skipped":0,"pct":100},"branches":{"total":0,"covered":0,"skipped":0,"pct":100}}
,"/Users/zycooks/Documents/Apps/CCNA App/src/features/domainPlacement/buildPlacementPool.js": {"lines":{"total":42,"covered":34,"skipped":0,"pct":80.95},"functions":{"total":9,"covered":8,"skipped":0,"pct":88.88},"statements":{"total":55,"covered":42,"skipped":0,"pct":76.36},"branches":{"total":55,"covered":43,"skipped":0,"pct":78.18}}
,"/Users/zycooks/Documents/Apps/CCNA App/src/features/domainPlacement/computePlacementDelta.js": {"lines":{"total":16,"covered":16,"skipped":0,"pct":100},"functions":{"total":4,"covered":4,"skipped":0,"pct":100},"statements":{"total":20,"covered":18,"skipped":0,"pct":90},"branches":{"total":26,"covered":17,"skipped":0,"pct":65.38}}
,"/Users/zycooks/Documents/Apps/CCNA App/src/features/domainPlacement/computePlacementReport.js": {"lines":{"total":34,"covered":34,"skipped":0,"pct":100},"functions":{"total":6,"covered":6,"skipped":0,"pct":100},"statements":{"total":39,"covered":39,"skipped":0,"pct":100},"branches":{"total":33,"covered":28,"skipped":0,"pct":84.84}}
,"/Users/zycooks/Documents/Apps/CCNA App/src/features/domainPlacement/connectivityPlacementBlueprint.js": {"lines":{"total":1,"covered":1,"skipped":0,"pct":100},"functions":{"total":0,"covered":0,"skipped":0,"pct":100},"statements":{"total":1,"covered":1,"skipped":0,"pct":100},"branches":{"total":0,"covered":0,"skipped":0,"pct":100}}
,"/Users/zycooks/Documents/Apps/CCNA App/src/features/domainPlacement/domainBaselineProfile.js": {"lines":{"total":49,"covered":48,"skipped":0,"pct":97.95},"functions":{"total":9,"covered":9,"skipped":0,"pct":100},"statements":{"total":60,"covered":57,"skipped":0,"pct":95},"branches":{"total":48,"covered":42,"skipped":0,"pct":87.5}}
,"/Users/zycooks/Documents/Apps/CCNA App/src/features/domainPlacement/domainBaselineStudyPlan.js": {"lines":{"total":30,"covered":29,"skipped":0,"pct":96.66},"functions":{"total":7,"covered":7,"skipped":0,"pct":100},"statements":{"total":35,"covered":31,"skipped":0,"pct":88.57},"branches":{"total":28,"covered":21,"skipped":0,"pct":75}}
,"/Users/zycooks/Documents/Apps/CCNA App/src/features/domainPlacement/domainLearningCopy.js": {"lines":{"total":6,"covered":6,"skipped":0,"pct":100},"functions":{"total":2,"covered":2,"skipped":0,"pct":100},"statements":{"total":6,"covered":6,"skipped":0,"pct":100},"branches":{"total":4,"covered":4,"skipped":0,"pct":100}}
,"/Users/zycooks/Documents/Apps/CCNA App/src/features/domainPlacement/domainPlacementConfig.js": {"lines":{"total":6,"covered":6,"skipped":0,"pct":100},"functions":{"total":1,"covered":1,"skipped":0,"pct":100},"statements":{"total":8,"covered":8,"skipped":0,"pct":100},"branches":{"total":4,"covered":4,"skipped":0,"pct":100}}
,"/Users/zycooks/Documents/Apps/CCNA App/src/features/domainPlacement/domainPlacementStorage.js": {"lines":{"total":51,"covered":5,"skipped":0,"pct":9.8},"functions":{"total":13,"covered":1,"skipped":0,"pct":7.69},"statements":{"total":61,"covered":7,"skipped":0,"pct":11.47},"branches":{"total":44,"covered":6,"skipped":0,"pct":13.63}}
,"/Users/zycooks/Documents/Apps/CCNA App/src/features/domainPlacement/fundamentalsPlacementBlueprint.js": {"lines":{"total":1,"covered":1,"skipped":0,"pct":100},"functions":{"total":0,"covered":0,"skipped":0,"pct":100},"statements":{"total":1,"covered":1,"skipped":0,"pct":100},"branches":{"total":0,"covered":0,"skipped":0,"pct":100}}
,"/Users/zycooks/Documents/Apps/CCNA App/src/features/domainPlacement/pickPlacementCta.js": {"lines":{"total":15,"covered":12,"skipped":0,"pct":80},"functions":{"total":3,"covered":2,"skipped":0,"pct":66.66},"statements":{"total":17,"covered":13,"skipped":0,"pct":76.47},"branches":{"total":14,"covered":9,"skipped":0,"pct":64.28}}
,"/Users/zycooks/Documents/Apps/CCNA App/src/features/domainPlacement/placementAdaptiveRetake.js": {"lines":{"total":33,"covered":33,"skipped":0,"pct":100},"functions":{"total":11,"covered":11,"skipped":0,"pct":100},"statements":{"total":42,"covered":41,"skipped":0,"pct":97.61},"branches":{"total":28,"covered":22,"skipped":0,"pct":78.57}}
,"/Users/zycooks/Documents/Apps/CCNA App/src/features/domainPlacement/placementBlueprintCoverage.js": {"lines":{"total":29,"covered":28,"skipped":0,"pct":96.55},"functions":{"total":13,"covered":13,"skipped":0,"pct":100},"statements":{"total":41,"covered":34,"skipped":0,"pct":82.92},"branches":{"total":30,"covered":21,"skipped":0,"pct":70}}
,"/Users/zycooks/Documents/Apps/CCNA App/src/features/domainPlacement/placementBlueprints.js": {"lines":{"total":4,"covered":4,"skipped":0,"pct":100},"functions":{"total":3,"covered":3,"skipped":0,"pct":100},"statements":{"total":4,"covered":4,"skipped":0,"pct":100},"branches":{"total":2,"covered":2,"skipped":0,"pct":100}}
,"/Users/zycooks/Documents/Apps/CCNA App/src/features/domainPlacement/placementDebriefResume.js": {"lines":{"total":22,"covered":21,"skipped":0,"pct":95.45},"functions":{"total":6,"covered":6,"skipped":0,"pct":100},"statements":{"total":28,"covered":23,"skipped":0,"pct":82.14},"branches":{"total":17,"covered":13,"skipped":0,"pct":76.47}}
,"/Users/zycooks/Documents/Apps/CCNA App/src/features/domainPlacement/securityPlacementBlueprint.js": {"lines":{"total":1,"covered":1,"skipped":0,"pct":100},"functions":{"total":0,"covered":0,"skipped":0,"pct":100},"statements":{"total":1,"covered":1,"skipped":0,"pct":100},"branches":{"total":0,"covered":0,"skipped":0,"pct":100}}
,"/Users/zycooks/Documents/Apps/CCNA App/src/features/domainPlacement/servicesPlacementBlueprint.js": {"lines":{"total":1,"covered":1,"skipped":0,"pct":100},"functions":{"total":0,"covered":0,"skipped":0,"pct":100},"statements":{"total":1,"covered":1,"skipped":0,"pct":100},"branches":{"total":0,"covered":0,"skipped":0,"pct":100}}
,"/Users/zycooks/Documents/Apps/CCNA App/src/features/export/exportReports.js": {"lines":{"total":162,"covered":3,"skipped":0,"pct":1.85},"functions":{"total":76,"covered":0,"skipped":0,"pct":0},"statements":{"total":250,"covered":3,"skipped":0,"pct":1.2},"branches":{"total":152,"covered":0,"skipped":0,"pct":0}}
,"/Users/zycooks/Documents/Apps/CCNA App/src/features/home/WeakAreaDashboard.jsx": {"lines":{"total":58,"covered":24,"skipped":0,"pct":41.37},"functions":{"total":20,"covered":9,"skipped":0,"pct":45},"statements":{"total":69,"covered":28,"skipped":0,"pct":40.57},"branches":{"total":49,"covered":22,"skipped":0,"pct":44.89}}
,"/Users/zycooks/Documents/Apps/CCNA App/src/features/home/weakAreaDashboard.js": {"lines":{"total":83,"covered":79,"skipped":0,"pct":95.18},"functions":{"total":20,"covered":17,"skipped":0,"pct":85},"statements":{"total":103,"covered":96,"skipped":0,"pct":93.2},"branches":{"total":105,"covered":77,"skipped":0,"pct":73.33}}
,"/Users/zycooks/Documents/Apps/CCNA App/src/features/mockExam/MockExamDebriefActions.jsx": {"lines":{"total":69,"covered":56,"skipped":0,"pct":81.15},"functions":{"total":31,"covered":21,"skipped":0,"pct":67.74},"statements":{"total":88,"covered":61,"skipped":0,"pct":69.31},"branches":{"total":84,"covered":51,"skipped":0,"pct":60.71}}
,"/Users/zycooks/Documents/Apps/CCNA App/src/features/mockExam/MockInterview.jsx": {"lines":{"total":61,"covered":14,"skipped":0,"pct":22.95},"functions":{"total":18,"covered":1,"skipped":0,"pct":5.55},"statements":{"total":69,"covered":14,"skipped":0,"pct":20.28},"branches":{"total":53,"covered":10,"skipped":0,"pct":18.86}}
,"/Users/zycooks/Documents/Apps/CCNA App/src/features/mockExam/mockHistoryEntry.js": {"lines":{"total":14,"covered":14,"skipped":0,"pct":100},"functions":{"total":7,"covered":7,"skipped":0,"pct":100},"statements":{"total":18,"covered":18,"skipped":0,"pct":100},"branches":{"total":16,"covered":10,"skipped":0,"pct":62.5}}
,"/Users/zycooks/Documents/Apps/CCNA App/src/features/mockExam/mockInterviewCards.js": {"lines":{"total":33,"covered":31,"skipped":0,"pct":93.93},"functions":{"total":7,"covered":4,"skipped":0,"pct":57.14},"statements":{"total":41,"covered":33,"skipped":0,"pct":80.48},"branches":{"total":26,"covered":17,"skipped":0,"pct":65.38}}
,"/Users/zycooks/Documents/Apps/CCNA App/src/features/mockExam/mockInterviewChatStorage.js": {"lines":{"total":12,"covered":11,"skipped":0,"pct":91.66},"functions":{"total":5,"covered":5,"skipped":0,"pct":100},"statements":{"total":13,"covered":11,"skipped":0,"pct":84.61},"branches":{"total":12,"covered":10,"skipped":0,"pct":83.33}}
,"/Users/zycooks/Documents/Apps/CCNA App/src/features/mockExam/mockInterviewPrompt.js": {"lines":{"total":8,"covered":5,"skipped":0,"pct":62.5},"functions":{"total":5,"covered":2,"skipped":0,"pct":40},"statements":{"total":9,"covered":5,"skipped":0,"pct":55.55},"branches":{"total":8,"covered":4,"skipped":0,"pct":50}}
,"/Users/zycooks/Documents/Apps/CCNA App/src/features/navigation/studyModeNavigation.js": {"lines":{"total":57,"covered":36,"skipped":0,"pct":63.15},"functions":{"total":6,"covered":5,"skipped":0,"pct":83.33},"statements":{"total":68,"covered":42,"skipped":0,"pct":61.76},"branches":{"total":46,"covered":35,"skipped":0,"pct":76.08}}
,"/Users/zycooks/Documents/Apps/CCNA App/src/features/navigation/useAppNavigation.js": {"lines":{"total":225,"covered":7,"skipped":0,"pct":3.11},"functions":{"total":47,"covered":1,"skipped":0,"pct":2.12},"statements":{"total":258,"covered":7,"skipped":0,"pct":2.71},"branches":{"total":157,"covered":9,"skipped":0,"pct":5.73}}
,"/Users/zycooks/Documents/Apps/CCNA App/src/features/objective/ObjectiveBody.jsx": {"lines":{"total":4,"covered":0,"skipped":0,"pct":0},"functions":{"total":4,"covered":0,"skipped":0,"pct":0},"statements":{"total":6,"covered":0,"skipped":0,"pct":0},"branches":{"total":8,"covered":0,"skipped":0,"pct":0}}
,"/Users/zycooks/Documents/Apps/CCNA App/src/features/objective/ObjectiveHeader.jsx": {"lines":{"total":17,"covered":0,"skipped":0,"pct":0},"functions":{"total":8,"covered":0,"skipped":0,"pct":0},"statements":{"total":23,"covered":0,"skipped":0,"pct":0},"branches":{"total":29,"covered":0,"skipped":0,"pct":0}}
,"/Users/zycooks/Documents/Apps/CCNA App/src/features/objective/ObjectiveTabPanels.jsx": {"lines":{"total":8,"covered":0,"skipped":0,"pct":0},"functions":{"total":3,"covered":0,"skipped":0,"pct":0},"statements":{"total":9,"covered":0,"skipped":0,"pct":0},"branches":{"total":6,"covered":0,"skipped":0,"pct":0}}
,"/Users/zycooks/Documents/Apps/CCNA App/src/features/objective/ObjectiveToolPanels.jsx": {"lines":{"total":11,"covered":0,"skipped":0,"pct":0},"functions":{"total":1,"covered":0,"skipped":0,"pct":0},"statements":{"total":11,"covered":0,"skipped":0,"pct":0},"branches":{"total":10,"covered":0,"skipped":0,"pct":0}}
,"/Users/zycooks/Documents/Apps/CCNA App/src/features/objective/objectiveTabUtils.js": {"lines":{"total":9,"covered":9,"skipped":0,"pct":100},"functions":{"total":1,"covered":1,"skipped":0,"pct":100},"statements":{"total":14,"covered":12,"skipped":0,"pct":85.71},"branches":{"total":14,"covered":11,"skipped":0,"pct":78.57}}
,"/Users/zycooks/Documents/Apps/CCNA App/src/features/objective/useObjectiveNavigation.js": {"lines":{"total":15,"covered":0,"skipped":0,"pct":0},"functions":{"total":7,"covered":0,"skipped":0,"pct":0},"statements":{"total":20,"covered":0,"skipped":0,"pct":0},"branches":{"total":16,"covered":0,"skipped":0,"pct":0}}
,"/Users/zycooks/Documents/Apps/CCNA App/src/features/objective/useObjectiveQuizProgress.js": {"lines":{"total":19,"covered":0,"skipped":0,"pct":0},"functions":{"total":2,"covered":0,"skipped":0,"pct":0},"statements":{"total":20,"covered":0,"skipped":0,"pct":0},"branches":{"total":27,"covered":0,"skipped":0,"pct":0}}
,"/Users/zycooks/Documents/Apps/CCNA App/src/features/objective/useObjectiveStudyBlockSwitch.js": {"lines":{"total":17,"covered":0,"skipped":0,"pct":0},"functions":{"total":3,"covered":0,"skipped":0,"pct":0},"statements":{"total":19,"covered":0,"skipped":0,"pct":0},"branches":{"total":13,"covered":0,"skipped":0,"pct":0}}
,"/Users/zycooks/Documents/Apps/CCNA App/src/features/onboarding/Onboarding.jsx": {"lines":{"total":88,"covered":1,"skipped":0,"pct":1.13},"functions":{"total":21,"covered":0,"skipped":0,"pct":0},"statements":{"total":105,"covered":1,"skipped":0,"pct":0.95},"branches":{"total":83,"covered":0,"skipped":0,"pct":0}}
,"/Users/zycooks/Documents/Apps/CCNA App/src/features/practice/debriefRemediation.js": {"lines":{"total":11,"covered":11,"skipped":0,"pct":100},"functions":{"total":1,"covered":1,"skipped":0,"pct":100},"statements":{"total":11,"covered":11,"skipped":0,"pct":100},"branches":{"total":25,"covered":16,"skipped":0,"pct":64}}
,"/Users/zycooks/Documents/Apps/CCNA App/src/features/practice/trapStreak.js": {"lines":{"total":20,"covered":20,"skipped":0,"pct":100},"functions":{"total":6,"covered":6,"skipped":0,"pct":100},"statements":{"total":23,"covered":22,"skipped":0,"pct":95.65},"branches":{"total":37,"covered":34,"skipped":0,"pct":91.89}}
,"/Users/zycooks/Documents/Apps/CCNA App/src/features/progress/MasteryProgressContext.jsx": {"lines":{"total":6,"covered":1,"skipped":0,"pct":16.66},"functions":{"total":5,"covered":0,"skipped":0,"pct":0},"statements":{"total":6,"covered":1,"skipped":0,"pct":16.66},"branches":{"total":0,"covered":0,"skipped":0,"pct":100}}
,"/Users/zycooks/Documents/Apps/CCNA App/src/features/progress/masteryEngagement.js": {"lines":{"total":30,"covered":20,"skipped":0,"pct":66.66},"functions":{"total":8,"covered":4,"skipped":0,"pct":50},"statements":{"total":39,"covered":24,"skipped":0,"pct":61.53},"branches":{"total":41,"covered":17,"skipped":0,"pct":41.46}}
,"/Users/zycooks/Documents/Apps/CCNA App/src/features/shell/AppShell.jsx": {"lines":{"total":4,"covered":4,"skipped":0,"pct":100},"functions":{"total":1,"covered":1,"skipped":0,"pct":100},"statements":{"total":4,"covered":4,"skipped":0,"pct":100},"branches":{"total":9,"covered":5,"skipped":0,"pct":55.55}}
,"/Users/zycooks/Documents/Apps/CCNA App/src/features/shell/AppShellStyles.jsx": {"lines":{"total":4,"covered":2,"skipped":0,"pct":50},"functions":{"total":2,"covered":1,"skipped":0,"pct":50},"statements":{"total":4,"covered":2,"skipped":0,"pct":50},"branches":{"total":3,"covered":2,"skipped":0,"pct":66.66}}
,"/Users/zycooks/Documents/Apps/CCNA App/src/features/shell/CoreStudyRoutes.jsx": {"lines":{"total":40,"covered":10,"skipped":0,"pct":25},"functions":{"total":25,"covered":1,"skipped":0,"pct":4},"statements":{"total":44,"covered":10,"skipped":0,"pct":22.72},"branches":{"total":26,"covered":11,"skipped":0,"pct":42.3}}
,"/Users/zycooks/Documents/Apps/CCNA App/src/features/shell/routeGestures.js": {"lines":{"total":1,"covered":1,"skipped":0,"pct":100},"functions":{"total":1,"covered":1,"skipped":0,"pct":100},"statements":{"total":1,"covered":1,"skipped":0,"pct":100},"branches":{"total":6,"covered":6,"skipped":0,"pct":100}}
,"/Users/zycooks/Documents/Apps/CCNA App/src/features/stemReplay/StemReplayCTA.jsx": {"lines":{"total":5,"covered":0,"skipped":0,"pct":0},"functions":{"total":2,"covered":0,"skipped":0,"pct":0},"statements":{"total":7,"covered":0,"skipped":0,"pct":0},"branches":{"total":6,"covered":0,"skipped":0,"pct":0}}
,"/Users/zycooks/Documents/Apps/CCNA App/src/features/stemReplay/stemReplayLabs.js": {"lines":{"total":15,"covered":12,"skipped":0,"pct":80},"functions":{"total":4,"covered":4,"skipped":0,"pct":100},"statements":{"total":20,"covered":14,"skipped":0,"pct":70},"branches":{"total":12,"covered":5,"skipped":0,"pct":41.66}}
,"/Users/zycooks/Documents/Apps/CCNA App/src/features/study/StudyModeRoutes.jsx": {"lines":{"total":85,"covered":28,"skipped":0,"pct":32.94},"functions":{"total":34,"covered":1,"skipped":0,"pct":2.94},"statements":{"total":108,"covered":28,"skipped":0,"pct":25.92},"branches":{"total":91,"covered":27,"skipped":0,"pct":29.67}}
,"/Users/zycooks/Documents/Apps/CCNA App/src/features/sync/syncMerge.js": {"lines":{"total":56,"covered":39,"skipped":0,"pct":69.64},"functions":{"total":18,"covered":11,"skipped":0,"pct":61.11},"statements":{"total":72,"covered":46,"skipped":0,"pct":63.88},"branches":{"total":120,"covered":60,"skipped":0,"pct":50}}
,"/Users/zycooks/Documents/Apps/CCNA App/src/features/trapDrill/TrapDrillHub.jsx": {"lines":{"total":13,"covered":0,"skipped":0,"pct":0},"functions":{"total":7,"covered":0,"skipped":0,"pct":0},"statements":{"total":13,"covered":0,"skipped":0,"pct":0},"branches":{"total":10,"covered":0,"skipped":0,"pct":0}}
,"/Users/zycooks/Documents/Apps/CCNA App/src/features/trapDrill/TrapDrillSession.jsx": {"lines":{"total":68,"covered":0,"skipped":0,"pct":0},"functions":{"total":14,"covered":0,"skipped":0,"pct":0},"statements":{"total":75,"covered":0,"skipped":0,"pct":0},"branches":{"total":73,"covered":0,"skipped":0,"pct":0}}
,"/Users/zycooks/Documents/Apps/CCNA App/src/features/trapDrill/trapDrillLabelAliases.js": {"lines":{"total":1,"covered":1,"skipped":0,"pct":100},"functions":{"total":0,"covered":0,"skipped":0,"pct":100},"statements":{"total":1,"covered":1,"skipped":0,"pct":100},"branches":{"total":0,"covered":0,"skipped":0,"pct":100}}
,"/Users/zycooks/Documents/Apps/CCNA App/src/features/trapDrill/trapDrillQuestions.js": {"lines":{"total":29,"covered":29,"skipped":0,"pct":100},"functions":{"total":13,"covered":13,"skipped":0,"pct":100},"statements":{"total":42,"covered":40,"skipped":0,"pct":95.23},"branches":{"total":32,"covered":26,"skipped":0,"pct":81.25}}
,"/Users/zycooks/Documents/Apps/CCNA App/src/features/tutor/TutorChat.jsx": {"lines":{"total":62,"covered":0,"skipped":0,"pct":0},"functions":{"total":21,"covered":0,"skipped":0,"pct":0},"statements":{"total":74,"covered":0,"skipped":0,"pct":0},"branches":{"total":56,"covered":0,"skipped":0,"pct":0}}
,"/Users/zycooks/Documents/Apps/CCNA App/src/features/tutor/tutorPrompt.js": {"lines":{"total":19,"covered":9,"skipped":0,"pct":47.36},"functions":{"total":12,"covered":4,"skipped":0,"pct":33.33},"statements":{"total":23,"covered":10,"skipped":0,"pct":43.47},"branches":{"total":19,"covered":5,"skipped":0,"pct":26.31}}
,"/Users/zycooks/Documents/Apps/CCNA App/src/features/tutor/tutorRag.js": {"lines":{"total":11,"covered":11,"skipped":0,"pct":100},"functions":{"total":3,"covered":3,"skipped":0,"pct":100},"statements":{"total":12,"covered":12,"skipped":0,"pct":100},"branches":{"total":8,"covered":6,"skipped":0,"pct":75}}
,"/Users/zycooks/Documents/Apps/CCNA App/src/features/tutor/tutorRagPipeline.js": {"lines":{"total":12,"covered":8,"skipped":0,"pct":66.66},"functions":{"total":3,"covered":2,"skipped":0,"pct":66.66},"statements":{"total":15,"covered":9,"skipped":0,"pct":60},"branches":{"total":12,"covered":5,"skipped":0,"pct":41.66}}
,"/Users/zycooks/Documents/Apps/CCNA App/src/features/visual/VisualAidTab.jsx": {"lines":{"total":46,"covered":2,"skipped":0,"pct":4.34},"functions":{"total":7,"covered":0,"skipped":0,"pct":0},"statements":{"total":48,"covered":2,"skipped":0,"pct":4.16},"branches":{"total":51,"covered":0,"skipped":0,"pct":0}}
,"/Users/zycooks/Documents/Apps/CCNA App/src/home/ExamReadyBanner.jsx": {"lines":{"total":9,"covered":0,"skipped":0,"pct":0},"functions":{"total":2,"covered":0,"skipped":0,"pct":0},"statements":{"total":11,"covered":0,"skipped":0,"pct":0},"branches":{"total":19,"covered":0,"skipped":0,"pct":0}}
,"/Users/zycooks/Documents/Apps/CCNA App/src/home/HomeDomainAccordion.jsx": {"lines":{"total":61,"covered":0,"skipped":0,"pct":0},"functions":{"total":26,"covered":0,"skipped":0,"pct":0},"statements":{"total":71,"covered":0,"skipped":0,"pct":0},"branches":{"total":96,"covered":0,"skipped":0,"pct":0}}
,"/Users/zycooks/Documents/Apps/CCNA App/src/home/HomeSectionLabel.jsx": {"lines":{"total":1,"covered":1,"skipped":0,"pct":100},"functions":{"total":1,"covered":1,"skipped":0,"pct":100},"statements":{"total":1,"covered":1,"skipped":0,"pct":100},"branches":{"total":0,"covered":0,"skipped":0,"pct":100}}
,"/Users/zycooks/Documents/Apps/CCNA App/src/home/HomeTopBar.jsx": {"lines":{"total":5,"covered":0,"skipped":0,"pct":0},"functions":{"total":2,"covered":0,"skipped":0,"pct":0},"statements":{"total":5,"covered":0,"skipped":0,"pct":0},"branches":{"total":10,"covered":0,"skipped":0,"pct":0}}
,"/Users/zycooks/Documents/Apps/CCNA App/src/home/StudyCoachBanner.jsx": {"lines":{"total":16,"covered":0,"skipped":0,"pct":0},"functions":{"total":5,"covered":0,"skipped":0,"pct":0},"statements":{"total":19,"covered":0,"skipped":0,"pct":0},"branches":{"total":21,"covered":0,"skipped":0,"pct":0}}
,"/Users/zycooks/Documents/Apps/CCNA App/src/home/StudyNextStrip.jsx": {"lines":{"total":6,"covered":0,"skipped":0,"pct":0},"functions":{"total":3,"covered":0,"skipped":0,"pct":0},"statements":{"total":7,"covered":0,"skipped":0,"pct":0},"branches":{"total":19,"covered":0,"skipped":0,"pct":0}}
,"/Users/zycooks/Documents/Apps/CCNA App/src/home/TrapHeatmapStrip.jsx": {"lines":{"total":10,"covered":0,"skipped":0,"pct":0},"functions":{"total":5,"covered":0,"skipped":0,"pct":0},"statements":{"total":12,"covered":0,"skipped":0,"pct":0},"branches":{"total":12,"covered":0,"skipped":0,"pct":0}}
,"/Users/zycooks/Documents/Apps/CCNA App/src/home/domainReadiness.js": {"lines":{"total":9,"covered":9,"skipped":0,"pct":100},"functions":{"total":1,"covered":1,"skipped":0,"pct":100},"statements":{"total":9,"covered":9,"skipped":0,"pct":100},"branches":{"total":15,"covered":14,"skipped":0,"pct":93.33}}
,"/Users/zycooks/Documents/Apps/CCNA App/src/home/domainStudyRoutes.js": {"lines":{"total":20,"covered":14,"skipped":0,"pct":70},"functions":{"total":9,"covered":7,"skipped":0,"pct":77.77},"statements":{"total":29,"covered":19,"skipped":0,"pct":65.51},"branches":{"total":23,"covered":14,"skipped":0,"pct":60.86}}
,"/Users/zycooks/Documents/Apps/CCNA App/src/home/homeConstants.js": {"lines":{"total":1,"covered":1,"skipped":0,"pct":100},"functions":{"total":0,"covered":0,"skipped":0,"pct":100},"statements":{"total":1,"covered":1,"skipped":0,"pct":100},"branches":{"total":0,"covered":0,"skipped":0,"pct":100}}
,"/Users/zycooks/Documents/Apps/CCNA App/src/home/homeTopBarUtils.js": {"lines":{"total":16,"covered":16,"skipped":0,"pct":100},"functions":{"total":3,"covered":3,"skipped":0,"pct":100},"statements":{"total":20,"covered":20,"skipped":0,"pct":100},"branches":{"total":15,"covered":15,"skipped":0,"pct":100}}
,"/Users/zycooks/Documents/Apps/CCNA App/src/home/homeUi.js": {"lines":{"total":15,"covered":11,"skipped":0,"pct":73.33},"functions":{"total":8,"covered":5,"skipped":0,"pct":62.5},"statements":{"total":15,"covered":11,"skipped":0,"pct":73.33},"branches":{"total":2,"covered":2,"skipped":0,"pct":100}}
,"/Users/zycooks/Documents/Apps/CCNA App/src/home/learnerHome.js": {"lines":{"total":98,"covered":47,"skipped":0,"pct":47.95},"functions":{"total":41,"covered":14,"skipped":0,"pct":34.14},"statements":{"total":130,"covered":52,"skipped":0,"pct":40},"branches":{"total":98,"covered":30,"skipped":0,"pct":30.61}}
,"/Users/zycooks/Documents/Apps/CCNA App/src/home/resumeStudy.js": {"lines":{"total":17,"covered":17,"skipped":0,"pct":100},"functions":{"total":6,"covered":6,"skipped":0,"pct":100},"statements":{"total":24,"covered":21,"skipped":0,"pct":87.5},"branches":{"total":16,"covered":12,"skipped":0,"pct":75}}
,"/Users/zycooks/Documents/Apps/CCNA App/src/home/sessionRecap.js": {"lines":{"total":10,"covered":2,"skipped":0,"pct":20},"functions":{"total":5,"covered":0,"skipped":0,"pct":0},"statements":{"total":16,"covered":2,"skipped":0,"pct":12.5},"branches":{"total":13,"covered":0,"skipped":0,"pct":0}}
,"/Users/zycooks/Documents/Apps/CCNA App/src/home/sessionUtils.js": {"lines":{"total":1,"covered":1,"skipped":0,"pct":100},"functions":{"total":1,"covered":1,"skipped":0,"pct":100},"statements":{"total":1,"covered":1,"skipped":0,"pct":100},"branches":{"total":0,"covered":0,"skipped":0,"pct":100}}
,"/Users/zycooks/Documents/Apps/CCNA App/src/home/studyCoach.js": {"lines":{"total":57,"covered":53,"skipped":0,"pct":92.98},"functions":{"total":15,"covered":12,"skipped":0,"pct":80},"statements":{"total":76,"covered":67,"skipped":0,"pct":88.15},"branches":{"total":113,"covered":95,"skipped":0,"pct":84.07}}
,"/Users/zycooks/Documents/Apps/CCNA App/src/hooks/useCompactMobile.js": {"lines":{"total":10,"covered":0,"skipped":0,"pct":0},"functions":{"total":5,"covered":0,"skipped":0,"pct":0},"statements":{"total":12,"covered":0,"skipped":0,"pct":0},"branches":{"total":3,"covered":0,"skipped":0,"pct":0}}
,"/Users/zycooks/Documents/Apps/CCNA App/src/hooks/useDiagramPanZoom.js": {"lines":{"total":55,"covered":0,"skipped":0,"pct":0},"functions":{"total":9,"covered":0,"skipped":0,"pct":0},"statements":{"total":59,"covered":0,"skipped":0,"pct":0},"branches":{"total":28,"covered":0,"skipped":0,"pct":0}}
,"/Users/zycooks/Documents/Apps/CCNA App/src/hooks/useMcChoiceShuffle.js": {"lines":{"total":17,"covered":0,"skipped":0,"pct":0},"functions":{"total":7,"covered":0,"skipped":0,"pct":0},"statements":{"total":18,"covered":0,"skipped":0,"pct":0},"branches":{"total":13,"covered":0,"skipped":0,"pct":0}}
,"/Users/zycooks/Documents/Apps/CCNA App/src/lab/CLIDrillTab.jsx": {"lines":{"total":66,"covered":0,"skipped":0,"pct":0},"functions":{"total":16,"covered":0,"skipped":0,"pct":0},"statements":{"total":84,"covered":0,"skipped":0,"pct":0},"branches":{"total":48,"covered":0,"skipped":0,"pct":0}}
,"/Users/zycooks/Documents/Apps/CCNA App/src/lab/cliEngine.js": {"lines":{"total":41,"covered":41,"skipped":0,"pct":100},"functions":{"total":1,"covered":1,"skipped":0,"pct":100},"statements":{"total":41,"covered":41,"skipped":0,"pct":100},"branches":{"total":2,"covered":2,"skipped":0,"pct":100}}
,"/Users/zycooks/Documents/Apps/CCNA App/src/lab/cliGrading.js": {"lines":{"total":9,"covered":9,"skipped":0,"pct":100},"functions":{"total":4,"covered":4,"skipped":0,"pct":100},"statements":{"total":11,"covered":10,"skipped":0,"pct":90.9},"branches":{"total":17,"covered":12,"skipped":0,"pct":70.58}}
,"/Users/zycooks/Documents/Apps/CCNA App/src/lab/cliModeContext.js": {"lines":{"total":80,"covered":64,"skipped":0,"pct":80},"functions":{"total":8,"covered":7,"skipped":0,"pct":87.5},"statements":{"total":84,"covered":65,"skipped":0,"pct":77.38},"branches":{"total":130,"covered":94,"skipped":0,"pct":72.3}}
,"/Users/zycooks/Documents/Apps/CCNA App/src/lab/cliProcess.js": {"lines":{"total":127,"covered":113,"skipped":0,"pct":88.97},"functions":{"total":16,"covered":14,"skipped":0,"pct":87.5},"statements":{"total":171,"covered":147,"skipped":0,"pct":85.96},"branches":{"total":161,"covered":120,"skipped":0,"pct":74.53}}
,"/Users/zycooks/Documents/Apps/CCNA App/src/lab/cliStatsStorage.js": {"lines":{"total":6,"covered":0,"skipped":0,"pct":0},"functions":{"total":2,"covered":0,"skipped":0,"pct":0},"statements":{"total":6,"covered":0,"skipped":0,"pct":0},"branches":{"total":22,"covered":0,"skipped":0,"pct":0}}
,"/Users/zycooks/Documents/Apps/CCNA App/src/lab/commandDrills.js": {"lines":{"total":4,"covered":4,"skipped":0,"pct":100},"functions":{"total":1,"covered":1,"skipped":0,"pct":100},"statements":{"total":4,"covered":4,"skipped":0,"pct":100},"branches":{"total":5,"covered":5,"skipped":0,"pct":100}}
,"/Users/zycooks/Documents/Apps/CCNA App/src/lab/iosAbbrev.js": {"lines":{"total":162,"covered":142,"skipped":0,"pct":87.65},"functions":{"total":37,"covered":33,"skipped":0,"pct":89.18},"statements":{"total":227,"covered":184,"skipped":0,"pct":81.05},"branches":{"total":213,"covered":161,"skipped":0,"pct":75.58}}
,"/Users/zycooks/Documents/Apps/CCNA App/src/lab/iosShorthand.js": {"lines":{"total":46,"covered":46,"skipped":0,"pct":100},"functions":{"total":7,"covered":7,"skipped":0,"pct":100},"statements":{"total":59,"covered":53,"skipped":0,"pct":89.83},"branches":{"total":34,"covered":23,"skipped":0,"pct":67.64}}
,"/Users/zycooks/Documents/Apps/CCNA App/src/lab/labLearnSpec.js": {"lines":{"total":4,"covered":3,"skipped":0,"pct":75},"functions":{"total":1,"covered":0,"skipped":0,"pct":0},"statements":{"total":4,"covered":3,"skipped":0,"pct":75},"branches":{"total":2,"covered":0,"skipped":0,"pct":0}}
,"/Users/zycooks/Documents/Apps/CCNA App/src/lab/labQuality99.js": {"lines":{"total":102,"covered":97,"skipped":0,"pct":95.09},"functions":{"total":27,"covered":27,"skipped":0,"pct":100},"statements":{"total":128,"covered":115,"skipped":0,"pct":89.84},"branches":{"total":136,"covered":91,"skipped":0,"pct":66.91}}
,"/Users/zycooks/Documents/Apps/CCNA App/src/lab/labStorage.js": {"lines":{"total":6,"covered":0,"skipped":0,"pct":0},"functions":{"total":2,"covered":0,"skipped":0,"pct":0},"statements":{"total":6,"covered":0,"skipped":0,"pct":0},"branches":{"total":4,"covered":0,"skipped":0,"pct":0}}
,"/Users/zycooks/Documents/Apps/CCNA App/src/lab/labVerifyCue.js": {"lines":{"total":12,"covered":12,"skipped":0,"pct":100},"functions":{"total":4,"covered":4,"skipped":0,"pct":100},"statements":{"total":16,"covered":15,"skipped":0,"pct":93.75},"branches":{"total":22,"covered":17,"skipped":0,"pct":77.27}}
,"/Users/zycooks/Documents/Apps/CCNA App/src/lesson/conceptDetail.js": {"lines":{"total":18,"covered":17,"skipped":0,"pct":94.44},"functions":{"total":9,"covered":8,"skipped":0,"pct":88.88},"statements":{"total":23,"covered":20,"skipped":0,"pct":86.95},"branches":{"total":37,"covered":19,"skipped":0,"pct":51.35}}
,"/Users/zycooks/Documents/Apps/CCNA App/src/lesson/explanationFormat.js": {"lines":{"total":41,"covered":31,"skipped":0,"pct":75.6},"functions":{"total":9,"covered":9,"skipped":0,"pct":100},"statements":{"total":52,"covered":34,"skipped":0,"pct":65.38},"branches":{"total":62,"covered":38,"skipped":0,"pct":61.29}}
,"/Users/zycooks/Documents/Apps/CCNA App/src/lesson/knowledgeReference.js": {"lines":{"total":16,"covered":12,"skipped":0,"pct":75},"functions":{"total":2,"covered":2,"skipped":0,"pct":100},"statements":{"total":19,"covered":12,"skipped":0,"pct":63.15},"branches":{"total":36,"covered":13,"skipped":0,"pct":36.11}}
,"/Users/zycooks/Documents/Apps/CCNA App/src/lesson/masteryCriteria.js": {"lines":{"total":23,"covered":0,"skipped":0,"pct":0},"functions":{"total":7,"covered":0,"skipped":0,"pct":0},"statements":{"total":32,"covered":0,"skipped":0,"pct":0},"branches":{"total":36,"covered":0,"skipped":0,"pct":0}}
,"/Users/zycooks/Documents/Apps/CCNA App/src/lesson/quizCoverage.js": {"lines":{"total":49,"covered":42,"skipped":0,"pct":85.71},"functions":{"total":17,"covered":16,"skipped":0,"pct":94.11},"statements":{"total":59,"covered":49,"skipped":0,"pct":83.05},"branches":{"total":46,"covered":33,"skipped":0,"pct":71.73}}
,"/Users/zycooks/Documents/Apps/CCNA App/src/lesson/readingEnrichment.js": {"lines":{"total":77,"covered":75,"skipped":0,"pct":97.4},"functions":{"total":23,"covered":23,"skipped":0,"pct":100},"statements":{"total":99,"covered":86,"skipped":0,"pct":86.86},"branches":{"total":124,"covered":85,"skipped":0,"pct":68.54}}
,"/Users/zycooks/Documents/Apps/CCNA App/src/lesson/readingTier.js": {"lines":{"total":26,"covered":19,"skipped":0,"pct":73.07},"functions":{"total":5,"covered":5,"skipped":0,"pct":100},"statements":{"total":34,"covered":25,"skipped":0,"pct":73.52},"branches":{"total":35,"covered":22,"skipped":0,"pct":62.85}}
,"/Users/zycooks/Documents/Apps/CCNA App/src/lesson/richTextParse.js": {"lines":{"total":12,"covered":12,"skipped":0,"pct":100},"functions":{"total":1,"covered":1,"skipped":0,"pct":100},"statements":{"total":16,"covered":15,"skipped":0,"pct":93.75},"branches":{"total":8,"covered":7,"skipped":0,"pct":87.5}}
,"/Users/zycooks/Documents/Apps/CCNA App/src/lib/browserTts.js": {"lines":{"total":19,"covered":3,"skipped":0,"pct":15.78},"functions":{"total":5,"covered":1,"skipped":0,"pct":20},"statements":{"total":25,"covered":3,"skipped":0,"pct":12},"branches":{"total":18,"covered":1,"skipped":0,"pct":5.55}}
,"/Users/zycooks/Documents/Apps/CCNA App/src/lib/readingTts.js": {"lines":{"total":21,"covered":21,"skipped":0,"pct":100},"functions":{"total":6,"covered":6,"skipped":0,"pct":100},"statements":{"total":26,"covered":26,"skipped":0,"pct":100},"branches":{"total":28,"covered":21,"skipped":0,"pct":75}}
,"/Users/zycooks/Documents/Apps/CCNA App/src/lib/voiceProse.js": {"lines":{"total":69,"covered":8,"skipped":0,"pct":11.59},"functions":{"total":18,"covered":2,"skipped":0,"pct":11.11},"statements":{"total":85,"covered":9,"skipped":0,"pct":10.58},"branches":{"total":98,"covered":5,"skipped":0,"pct":5.1}}
,"/Users/zycooks/Documents/Apps/CCNA App/src/library/instantAnswer.js": {"lines":{"total":44,"covered":32,"skipped":0,"pct":72.72},"functions":{"total":17,"covered":13,"skipped":0,"pct":76.47},"statements":{"total":53,"covered":38,"skipped":0,"pct":71.69},"branches":{"total":41,"covered":19,"skipped":0,"pct":46.34}}
,"/Users/zycooks/Documents/Apps/CCNA App/src/library/intentDetect.js": {"lines":{"total":8,"covered":8,"skipped":0,"pct":100},"functions":{"total":1,"covered":1,"skipped":0,"pct":100},"statements":{"total":12,"covered":9,"skipped":0,"pct":75},"branches":{"total":9,"covered":6,"skipped":0,"pct":66.66}}
,"/Users/zycooks/Documents/Apps/CCNA App/src/library/libraryChunk.js": {"lines":{"total":8,"covered":6,"skipped":0,"pct":75},"functions":{"total":5,"covered":3,"skipped":0,"pct":60},"statements":{"total":9,"covered":7,"skipped":0,"pct":77.77},"branches":{"total":15,"covered":10,"skipped":0,"pct":66.66}}
,"/Users/zycooks/Documents/Apps/CCNA App/src/library/libraryIndex.js": {"lines":{"total":118,"covered":103,"skipped":0,"pct":87.28},"functions":{"total":23,"covered":16,"skipped":0,"pct":69.56},"statements":{"total":149,"covered":118,"skipped":0,"pct":79.19},"branches":{"total":147,"covered":92,"skipped":0,"pct":62.58}}
,"/Users/zycooks/Documents/Apps/CCNA App/src/library/topicClusters.js": {"lines":{"total":25,"covered":24,"skipped":0,"pct":96},"functions":{"total":6,"covered":6,"skipped":0,"pct":100},"statements":{"total":30,"covered":27,"skipped":0,"pct":90},"branches":{"total":23,"covered":18,"skipped":0,"pct":78.26}}
,"/Users/zycooks/Documents/Apps/CCNA App/src/missed/missedDisplay.js": {"lines":{"total":25,"covered":21,"skipped":0,"pct":84},"functions":{"total":7,"covered":6,"skipped":0,"pct":85.71},"statements":{"total":34,"covered":25,"skipped":0,"pct":73.52},"branches":{"total":50,"covered":31,"skipped":0,"pct":62}}
,"/Users/zycooks/Documents/Apps/CCNA App/src/missed/missedTrapGroups.js": {"lines":{"total":36,"covered":14,"skipped":0,"pct":38.88},"functions":{"total":10,"covered":4,"skipped":0,"pct":40},"statements":{"total":40,"covered":15,"skipped":0,"pct":37.5},"branches":{"total":38,"covered":7,"skipped":0,"pct":18.42}}
,"/Users/zycooks/Documents/Apps/CCNA App/src/offline/warmCuratedChunks.js": {"lines":{"total":31,"covered":29,"skipped":0,"pct":93.54},"functions":{"total":22,"covered":18,"skipped":0,"pct":81.81},"statements":{"total":35,"covered":31,"skipped":0,"pct":88.57},"branches":{"total":12,"covered":9,"skipped":0,"pct":75}}
,"/Users/zycooks/Documents/Apps/CCNA App/src/onboarding/diagnosticSet.js": {"lines":{"total":24,"covered":19,"skipped":0,"pct":79.16},"functions":{"total":5,"covered":5,"skipped":0,"pct":100},"statements":{"total":28,"covered":21,"skipped":0,"pct":75},"branches":{"total":20,"covered":9,"skipped":0,"pct":45}}
,"/Users/zycooks/Documents/Apps/CCNA App/src/premium/premiumFeatures.js": {"lines":{"total":13,"covered":12,"skipped":0,"pct":92.3},"functions":{"total":3,"covered":3,"skipped":0,"pct":100},"statements":{"total":13,"covered":12,"skipped":0,"pct":92.3},"branches":{"total":9,"covered":7,"skipped":0,"pct":77.77}}
,"/Users/zycooks/Documents/Apps/CCNA App/src/quiz/confidenceScheduler.js": {"lines":{"total":66,"covered":59,"skipped":0,"pct":89.39},"functions":{"total":7,"covered":7,"skipped":0,"pct":100},"statements":{"total":90,"covered":71,"skipped":0,"pct":78.88},"branches":{"total":137,"covered":95,"skipped":0,"pct":69.34}}
,"/Users/zycooks/Documents/Apps/CCNA App/src/quiz/contentHealthProcess.js": {"lines":{"total":81,"covered":64,"skipped":0,"pct":79.01},"functions":{"total":25,"covered":16,"skipped":0,"pct":64},"statements":{"total":94,"covered":69,"skipped":0,"pct":73.4},"branches":{"total":66,"covered":34,"skipped":0,"pct":51.51}}
,"/Users/zycooks/Documents/Apps/CCNA App/src/quiz/questionHealthClient.js": {"lines":{"total":29,"covered":13,"skipped":0,"pct":44.82},"functions":{"total":4,"covered":3,"skipped":0,"pct":75},"statements":{"total":31,"covered":14,"skipped":0,"pct":45.16},"branches":{"total":17,"covered":3,"skipped":0,"pct":17.64}}
,"/Users/zycooks/Documents/Apps/CCNA App/src/quiz/questionHealthSignals.js": {"lines":{"total":30,"covered":3,"skipped":0,"pct":10},"functions":{"total":5,"covered":0,"skipped":0,"pct":0},"statements":{"total":33,"covered":3,"skipped":0,"pct":9.09},"branches":{"total":29,"covered":0,"skipped":0,"pct":0}}
,"/Users/zycooks/Documents/Apps/CCNA App/src/quiz/quizBankStorage.js": {"lines":{"total":53,"covered":31,"skipped":0,"pct":58.49},"functions":{"total":15,"covered":9,"skipped":0,"pct":60},"statements":{"total":61,"covered":33,"skipped":0,"pct":54.09},"branches":{"total":53,"covered":25,"skipped":0,"pct":47.16}}
,"/Users/zycooks/Documents/Apps/CCNA App/src/quiz/quizStemExhibit.js": {"lines":{"total":61,"covered":45,"skipped":0,"pct":73.77},"functions":{"total":7,"covered":6,"skipped":0,"pct":85.71},"statements":{"total":69,"covered":49,"skipped":0,"pct":71.01},"branches":{"total":61,"covered":31,"skipped":0,"pct":50.81}}
,"/Users/zycooks/Documents/Apps/CCNA App/src/quiz/srsReview.js": {"lines":{"total":58,"covered":52,"skipped":0,"pct":89.65},"functions":{"total":11,"covered":9,"skipped":0,"pct":81.81},"statements":{"total":70,"covered":58,"skipped":0,"pct":82.85},"branches":{"total":65,"covered":44,"skipped":0,"pct":67.69}}
,"/Users/zycooks/Documents/Apps/CCNA App/src/routing/appHashRouting.js": {"lines":{"total":42,"covered":25,"skipped":0,"pct":59.52},"functions":{"total":8,"covered":7,"skipped":0,"pct":87.5},"statements":{"total":55,"covered":31,"skipped":0,"pct":56.36},"branches":{"total":56,"covered":14,"skipped":0,"pct":25}}
,"/Users/zycooks/Documents/Apps/CCNA App/src/search/textRank.js": {"lines":{"total":35,"covered":32,"skipped":0,"pct":91.42},"functions":{"total":12,"covered":10,"skipped":0,"pct":83.33},"statements":{"total":50,"covered":42,"skipped":0,"pct":84},"branches":{"total":36,"covered":27,"skipped":0,"pct":75}}
,"/Users/zycooks/Documents/Apps/CCNA App/src/settings/cacheKeys.js": {"lines":{"total":1,"covered":1,"skipped":0,"pct":100},"functions":{"total":0,"covered":0,"skipped":0,"pct":100},"statements":{"total":1,"covered":1,"skipped":0,"pct":100},"branches":{"total":0,"covered":0,"skipped":0,"pct":100}}
,"/Users/zycooks/Documents/Apps/CCNA App/src/settings/settingsActions.js": {"lines":{"total":40,"covered":29,"skipped":0,"pct":72.5},"functions":{"total":17,"covered":14,"skipped":0,"pct":82.35},"statements":{"total":45,"covered":31,"skipped":0,"pct":68.88},"branches":{"total":19,"covered":12,"skipped":0,"pct":63.15}}
,"/Users/zycooks/Documents/Apps/CCNA App/src/stats/statsSeries.js": {"lines":{"total":112,"covered":109,"skipped":0,"pct":97.32},"functions":{"total":36,"covered":35,"skipped":0,"pct":97.22},"statements":{"total":136,"covered":125,"skipped":0,"pct":91.91},"branches":{"total":93,"covered":54,"skipped":0,"pct":58.06}}
,"/Users/zycooks/Documents/Apps/CCNA App/src/storage/appPersistence.js": {"lines":{"total":24,"covered":16,"skipped":0,"pct":66.66},"functions":{"total":9,"covered":5,"skipped":0,"pct":55.55},"statements":{"total":27,"covered":17,"skipped":0,"pct":62.96},"branches":{"total":16,"covered":5,"skipped":0,"pct":31.25}}
,"/Users/zycooks/Documents/Apps/CCNA App/src/study/studyObjectiveHandoff.js": {"lines":{"total":3,"covered":3,"skipped":0,"pct":100},"functions":{"total":2,"covered":2,"skipped":0,"pct":100},"statements":{"total":5,"covered":4,"skipped":0,"pct":80},"branches":{"total":4,"covered":3,"skipped":0,"pct":75}}
,"/Users/zycooks/Documents/Apps/CCNA App/src/study/trapDomainConstants.js": {"lines":{"total":7,"covered":1,"skipped":0,"pct":14.28},"functions":{"total":2,"covered":0,"skipped":0,"pct":0},"statements":{"total":8,"covered":1,"skipped":0,"pct":12.5},"branches":{"total":8,"covered":0,"skipped":0,"pct":0}}
,"/Users/zycooks/Documents/Apps/CCNA App/src/studyBlock/studyBlockConfig.js": {"lines":{"total":5,"covered":5,"skipped":0,"pct":100},"functions":{"total":1,"covered":1,"skipped":0,"pct":100},"statements":{"total":5,"covered":5,"skipped":0,"pct":100},"branches":{"total":2,"covered":1,"skipped":0,"pct":50}}
,"/Users/zycooks/Documents/Apps/CCNA App/src/studyBlock/studyBlockLogic.js": {"lines":{"total":52,"covered":29,"skipped":0,"pct":55.76},"functions":{"total":15,"covered":7,"skipped":0,"pct":46.66},"statements":{"total":62,"covered":32,"skipped":0,"pct":51.61},"branches":{"total":63,"covered":27,"skipped":0,"pct":42.85}}
,"/Users/zycooks/Documents/Apps/CCNA App/src/tabs/ExplainTab.jsx": {"lines":{"total":203,"covered":3,"skipped":0,"pct":1.47},"functions":{"total":69,"covered":0,"skipped":0,"pct":0},"statements":{"total":241,"covered":3,"skipped":0,"pct":1.24},"branches":{"total":339,"covered":0,"skipped":0,"pct":0}}
,"/Users/zycooks/Documents/Apps/CCNA App/src/tabs/ObjectiveLabCTA.jsx": {"lines":{"total":12,"covered":0,"skipped":0,"pct":0},"functions":{"total":8,"covered":0,"skipped":0,"pct":0},"statements":{"total":15,"covered":0,"skipped":0,"pct":0},"branches":{"total":16,"covered":0,"skipped":0,"pct":0}}
,"/Users/zycooks/Documents/Apps/CCNA App/src/tabs/QuizTab.jsx": {"lines":{"total":366,"covered":4,"skipped":0,"pct":1.09},"functions":{"total":70,"covered":0,"skipped":0,"pct":0},"statements":{"total":425,"covered":4,"skipped":0,"pct":0.94},"branches":{"total":407,"covered":0,"skipped":0,"pct":0}}
,"/Users/zycooks/Documents/Apps/CCNA App/src/tabs/SubnetPracticeHome.jsx": {"lines":{"total":1,"covered":1,"skipped":0,"pct":100},"functions":{"total":1,"covered":1,"skipped":0,"pct":100},"statements":{"total":1,"covered":1,"skipped":0,"pct":100},"branches":{"total":0,"covered":0,"skipped":0,"pct":100}}
,"/Users/zycooks/Documents/Apps/CCNA App/src/tabs/objectiveTabIds.js": {"lines":{"total":2,"covered":0,"skipped":0,"pct":0},"functions":{"total":2,"covered":0,"skipped":0,"pct":0},"statements":{"total":2,"covered":0,"skipped":0,"pct":0},"branches":{"total":0,"covered":0,"skipped":0,"pct":100}}
,"/Users/zycooks/Documents/Apps/CCNA App/src/tabs/studyConstants.js": {"lines":{"total":7,"covered":7,"skipped":0,"pct":100},"functions":{"total":0,"covered":0,"skipped":0,"pct":100},"statements":{"total":7,"covered":7,"skipped":0,"pct":100},"branches":{"total":0,"covered":0,"skipped":0,"pct":100}}
,"/Users/zycooks/Documents/Apps/CCNA App/src/tabs/studyQuizShared.jsx": {"lines":{"total":146,"covered":0,"skipped":0,"pct":0},"functions":{"total":43,"covered":0,"skipped":0,"pct":0},"statements":{"total":192,"covered":0,"skipped":0,"pct":0},"branches":{"total":168,"covered":0,"skipped":0,"pct":0}}
,"/Users/zycooks/Documents/Apps/CCNA App/src/tabs/studyQuizTabs.jsx": {"lines":{"total":0,"covered":0,"skipped":0,"pct":100},"functions":{"total":0,"covered":0,"skipped":0,"pct":100},"statements":{"total":0,"covered":0,"skipped":0,"pct":100},"branches":{"total":0,"covered":0,"skipped":0,"pct":100}}
,"/Users/zycooks/Documents/Apps/CCNA App/src/tabs/subnetPracticeTabs.jsx": {"lines":{"total":123,"covered":16,"skipped":0,"pct":13},"functions":{"total":62,"covered":7,"skipped":0,"pct":11.29},"statements":{"total":159,"covered":18,"skipped":0,"pct":11.32},"branches":{"total":141,"covered":19,"skipped":0,"pct":13.47}}
,"/Users/zycooks/Documents/Apps/CCNA App/src/tabs/tabRuntimeDeps.js": {"lines":{"total":0,"covered":0,"skipped":0,"pct":100},"functions":{"total":0,"covered":0,"skipped":0,"pct":100},"statements":{"total":0,"covered":0,"skipped":0,"pct":100},"branches":{"total":0,"covered":0,"skipped":0,"pct":100}}
,"/Users/zycooks/Documents/Apps/CCNA App/src/topic/ccnaTermRegistry.js": {"lines":{"total":1,"covered":1,"skipped":0,"pct":100},"functions":{"total":0,"covered":0,"skipped":0,"pct":100},"statements":{"total":1,"covered":1,"skipped":0,"pct":100},"branches":{"total":0,"covered":0,"skipped":0,"pct":100}}
,"/Users/zycooks/Documents/Apps/CCNA App/src/topic/topicFocusQuiz.js": {"lines":{"total":37,"covered":31,"skipped":0,"pct":83.78},"functions":{"total":8,"covered":6,"skipped":0,"pct":75},"statements":{"total":48,"covered":38,"skipped":0,"pct":79.16},"branches":{"total":44,"covered":23,"skipped":0,"pct":52.27}}
,"/Users/zycooks/Documents/Apps/CCNA App/src/topic/topicIndex.js": {"lines":{"total":81,"covered":81,"skipped":0,"pct":100},"functions":{"total":16,"covered":16,"skipped":0,"pct":100},"statements":{"total":97,"covered":93,"skipped":0,"pct":95.87},"branches":{"total":98,"covered":59,"skipped":0,"pct":60.2}}
,"/Users/zycooks/Documents/Apps/CCNA App/src/topic/topicSearch.js": {"lines":{"total":35,"covered":29,"skipped":0,"pct":82.85},"functions":{"total":22,"covered":17,"skipped":0,"pct":77.27},"statements":{"total":41,"covered":31,"skipped":0,"pct":75.6},"branches":{"total":42,"covered":29,"skipped":0,"pct":69.04}}
,"/Users/zycooks/Documents/Apps/CCNA App/src/ui/appShell.js": {"lines":{"total":3,"covered":3,"skipped":0,"pct":100},"functions":{"total":1,"covered":1,"skipped":0,"pct":100},"statements":{"total":3,"covered":3,"skipped":0,"pct":100},"branches":{"total":2,"covered":1,"skipped":0,"pct":50}}
,"/Users/zycooks/Documents/Apps/CCNA App/src/ui/appShellChromeCss.js": {"lines":{"total":1,"covered":1,"skipped":0,"pct":100},"functions":{"total":1,"covered":1,"skipped":0,"pct":100},"statements":{"total":1,"covered":1,"skipped":0,"pct":100},"branches":{"total":6,"covered":3,"skipped":0,"pct":50}}
,"/Users/zycooks/Documents/Apps/CCNA App/src/ui/appShellResponsiveCss.js": {"lines":{"total":1,"covered":1,"skipped":0,"pct":100},"functions":{"total":1,"covered":1,"skipped":0,"pct":100},"statements":{"total":1,"covered":1,"skipped":0,"pct":100},"branches":{"total":0,"covered":0,"skipped":0,"pct":100}}
,"/Users/zycooks/Documents/Apps/CCNA App/src/ui/appTheme.js": {"lines":{"total":18,"covered":16,"skipped":0,"pct":88.88},"functions":{"total":6,"covered":5,"skipped":0,"pct":83.33},"statements":{"total":20,"covered":18,"skipped":0,"pct":90},"branches":{"total":15,"covered":8,"skipped":0,"pct":53.33}}
,"/Users/zycooks/Documents/Apps/CCNA App/src/ui/edgeBackLogic.js": {"lines":{"total":29,"covered":25,"skipped":0,"pct":86.2},"functions":{"total":8,"covered":8,"skipped":0,"pct":100},"statements":{"total":37,"covered":26,"skipped":0,"pct":70.27},"branches":{"total":30,"covered":19,"skipped":0,"pct":63.33}}
,"/Users/zycooks/Documents/Apps/CCNA App/src/ui/feedbackHelpers.jsx": {"lines":{"total":22,"covered":0,"skipped":0,"pct":0},"functions":{"total":6,"covered":0,"skipped":0,"pct":0},"statements":{"total":38,"covered":0,"skipped":0,"pct":0},"branches":{"total":12,"covered":0,"skipped":0,"pct":0}}
,"/Users/zycooks/Documents/Apps/CCNA App/src/ui/mobileGestureBlocks.js": {"lines":{"total":9,"covered":2,"skipped":0,"pct":22.22},"functions":{"total":5,"covered":0,"skipped":0,"pct":0},"statements":{"total":13,"covered":2,"skipped":0,"pct":15.38},"branches":{"total":4,"covered":0,"skipped":0,"pct":0}}
,"/Users/zycooks/Documents/Apps/CCNA App/src/ui/navHintConfig.js": {"lines":{"total":19,"covered":8,"skipped":0,"pct":42.1},"functions":{"total":15,"covered":4,"skipped":0,"pct":26.66},"statements":{"total":22,"covered":10,"skipped":0,"pct":45.45},"branches":{"total":11,"covered":6,"skipped":0,"pct":54.54}}
,"/Users/zycooks/Documents/Apps/CCNA App/src/ui/pullToRefreshCss.js": {"lines":{"total":1,"covered":0,"skipped":0,"pct":0},"functions":{"total":1,"covered":0,"skipped":0,"pct":0},"statements":{"total":1,"covered":0,"skipped":0,"pct":0},"branches":{"total":0,"covered":0,"skipped":0,"pct":100}}
,"/Users/zycooks/Documents/Apps/CCNA App/src/ui/pullToRefreshLogic.js": {"lines":{"total":34,"covered":26,"skipped":0,"pct":76.47},"functions":{"total":7,"covered":6,"skipped":0,"pct":85.71},"statements":{"total":47,"covered":31,"skipped":0,"pct":65.95},"branches":{"total":51,"covered":33,"skipped":0,"pct":64.7}}
,"/Users/zycooks/Documents/Apps/CCNA App/src/ui/staticContentCopy.js": {"lines":{"total":2,"covered":2,"skipped":0,"pct":100},"functions":{"total":1,"covered":1,"skipped":0,"pct":100},"statements":{"total":2,"covered":2,"skipped":0,"pct":100},"branches":{"total":0,"covered":0,"skipped":0,"pct":100}}
,"/Users/zycooks/Documents/Apps/CCNA App/src/ui/useMobileGestureBlock.js": {"lines":{"total":3,"covered":0,"skipped":0,"pct":0},"functions":{"total":3,"covered":0,"skipped":0,"pct":0},"statements":{"total":4,"covered":0,"skipped":0,"pct":0},"branches":{"total":3,"covered":0,"skipped":0,"pct":0}}
,"/Users/zycooks/Documents/Apps/CCNA App/src/ui/visualViewportInset.js": {"lines":{"total":16,"covered":0,"skipped":0,"pct":0},"functions":{"total":4,"covered":0,"skipped":0,"pct":0},"statements":{"total":18,"covered":0,"skipped":0,"pct":0},"branches":{"total":6,"covered":0,"skipped":0,"pct":0}}
}
